[0.572s] Invoking command in '/home/dunto/demo_ws/src/py_pubsub': PYTHONPATH=/home/dunto/demo_ws/install/py_pubsub/lib/python3.8/site-packages:${PYTHONPATH} /usr/bin/python3 setup.py egg_info --egg-base ../../build/py_pubsub build --build-base /home/dunto/demo_ws/build/py_pubsub/build install --prefix /home/dunto/demo_ws/install/py_pubsub --record /home/dunto/demo_ws/build/py_pubsub/install.log --single-version-externally-managed
[0.839s] running egg_info
[0.839s] writing ../../build/py_pubsub/py_pubsub.egg-info/PKG-INFO
[0.839s] writing dependency_links to ../../build/py_pubsub/py_pubsub.egg-info/dependency_links.txt
[0.839s] writing entry points to ../../build/py_pubsub/py_pubsub.egg-info/entry_points.txt
[0.840s] writing requirements to ../../build/py_pubsub/py_pubsub.egg-info/requires.txt
[0.840s] writing top-level names to ../../build/py_pubsub/py_pubsub.egg-info/top_level.txt
[0.881s] reading manifest file '../../build/py_pubsub/py_pubsub.egg-info/SOURCES.txt'
[0.882s] writing manifest file '../../build/py_pubsub/py_pubsub.egg-info/SOURCES.txt'
[0.891s] running build
[0.891s] running build_py
[0.893s] copying py_pubsub/publisher_member_function.py -> /home/dunto/demo_ws/build/py_pubsub/build/lib/py_pubsub
[0.894s] running install
[0.899s] running install_lib
[0.900s] copying /home/dunto/demo_ws/build/py_pubsub/build/lib/py_pubsub/publisher_member_function.py -> /home/dunto/demo_ws/install/py_pubsub/lib/python3.8/site-packages/py_pubsub
[0.901s] byte-compiling /home/dunto/demo_ws/install/py_pubsub/lib/python3.8/site-packages/py_pubsub/publisher_member_function.py to publisher_member_function.cpython-38.pyc
[0.904s] running install_data
[0.904s] running install_egg_info
[0.906s] removing '/home/dunto/demo_ws/install/py_pubsub/lib/python3.8/site-packages/py_pubsub-0.0.1-py3.8.egg-info' (and everything under it)
[0.907s] Copying ../../build/py_pubsub/py_pubsub.egg-info to /home/dunto/demo_ws/install/py_pubsub/lib/python3.8/site-packages/py_pubsub-0.0.1-py3.8.egg-info
[0.907s] running install_scripts
[0.925s] Installing listener script to /home/dunto/demo_ws/install/py_pubsub/lib/py_pubsub
[0.929s] Installing talker script to /home/dunto/demo_ws/install/py_pubsub/lib/py_pubsub
[0.932s] writing list of installed files to '/home/dunto/demo_ws/build/py_pubsub/install.log'
[0.954s] Invoked command in '/home/dunto/demo_ws/src/py_pubsub' returned '0': PYTHONPATH=/home/dunto/demo_ws/install/py_pubsub/lib/python3.8/site-packages:${PYTHONPATH} /usr/bin/python3 setup.py egg_info --egg-base ../../build/py_pubsub build --build-base /home/dunto/demo_ws/build/py_pubsub/build install --prefix /home/dunto/demo_ws/install/py_pubsub --record /home/dunto/demo_ws/build/py_pubsub/install.log --single-version-externally-managed
