[1.089s] Invoking command in '/home/dunto/demo_ws/src/py_pubsub': PYTHONPATH=/home/dunto/demo_ws/install/py_pubsub/lib/python3.8/site-packages: /usr/bin/python3 setup.py egg_info --egg-base ../../build/py_pubsub build --build-base /home/dunto/demo_ws/build/py_pubsub/build install --prefix /home/dunto/demo_ws/install/py_pubsub --record /home/dunto/demo_ws/build/py_pubsub/install.log --single-version-externally-managed
[1.376s] running egg_info
[1.377s] writing ../../build/py_pubsub/py_pubsub.egg-info/PKG-INFO
[1.379s] writing dependency_links to ../../build/py_pubsub/py_pubsub.egg-info/dependency_links.txt
[1.380s] writing entry points to ../../build/py_pubsub/py_pubsub.egg-info/entry_points.txt
[1.380s] writing requirements to ../../build/py_pubsub/py_pubsub.egg-info/requires.txt
[1.380s] writing top-level names to ../../build/py_pubsub/py_pubsub.egg-info/top_level.txt
[1.448s] reading manifest file '../../build/py_pubsub/py_pubsub.egg-info/SOURCES.txt'
[1.450s] writing manifest file '../../build/py_pubsub/py_pubsub.egg-info/SOURCES.txt'
[1.451s] running build
[1.451s] running build_py
[1.452s] copying py_pubsub/publisher_member_function.py -> /home/dunto/demo_ws/build/py_pubsub/build/lib/py_pubsub
[1.454s] running install
[1.455s] running install_lib
[1.457s] copying /home/dunto/demo_ws/build/py_pubsub/build/lib/py_pubsub/publisher_member_function.py -> /home/dunto/demo_ws/install/py_pubsub/lib/python3.8/site-packages/py_pubsub
[1.461s] byte-compiling /home/dunto/demo_ws/install/py_pubsub/lib/python3.8/site-packages/py_pubsub/publisher_member_function.py to publisher_member_function.cpython-38.pyc
[1.464s] running install_data
[1.465s] running install_egg_info
[1.469s] removing '/home/dunto/demo_ws/install/py_pubsub/lib/python3.8/site-packages/py_pubsub-0.0.1-py3.8.egg-info' (and everything under it)
[1.469s] Copying ../../build/py_pubsub/py_pubsub.egg-info to /home/dunto/demo_ws/install/py_pubsub/lib/python3.8/site-packages/py_pubsub-0.0.1-py3.8.egg-info
[1.472s] running install_scripts
[1.500s] Installing listener script to /home/dunto/demo_ws/install/py_pubsub/lib/py_pubsub
[1.500s] Installing talker script to /home/dunto/demo_ws/install/py_pubsub/lib/py_pubsub
[1.500s] writing list of installed files to '/home/dunto/demo_ws/build/py_pubsub/install.log'
[1.550s] Invoked command in '/home/dunto/demo_ws/src/py_pubsub' returned '0': PYTHONPATH=/home/dunto/demo_ws/install/py_pubsub/lib/python3.8/site-packages: /usr/bin/python3 setup.py egg_info --egg-base ../../build/py_pubsub build --build-base /home/dunto/demo_ws/build/py_pubsub/build install --prefix /home/dunto/demo_ws/install/py_pubsub --record /home/dunto/demo_ws/build/py_pubsub/install.log --single-version-externally-managed
