[0.503s] Invoking command in '/home/dunto/demo_ws/src/py_pubsub': PYTHONPATH=/home/dunto/demo_ws/install/py_pubsub/lib/python3.8/site-packages:${PYTHONPATH} /usr/bin/python3 setup.py egg_info --egg-base ../../build/py_pubsub build --build-base /home/dunto/demo_ws/build/py_pubsub/build install --prefix /home/dunto/demo_ws/install/py_pubsub --record /home/dunto/demo_ws/build/py_pubsub/install.log --single-version-externally-managed
[0.697s] running egg_info
[0.698s] writing ../../build/py_pubsub/py_pubsub.egg-info/PKG-INFO
[0.698s] writing dependency_links to ../../build/py_pubsub/py_pubsub.egg-info/dependency_links.txt
[0.698s] writing entry points to ../../build/py_pubsub/py_pubsub.egg-info/entry_points.txt
[0.699s] writing requirements to ../../build/py_pubsub/py_pubsub.egg-info/requires.txt
[0.699s] writing top-level names to ../../build/py_pubsub/py_pubsub.egg-info/top_level.txt
[0.726s] reading manifest file '../../build/py_pubsub/py_pubsub.egg-info/SOURCES.txt'
[0.727s] writing manifest file '../../build/py_pubsub/py_pubsub.egg-info/SOURCES.txt'
[0.727s] running build
[0.728s] running build_py
[0.728s] copying py_pubsub/publisher_member_function.py -> /home/dunto/demo_ws/build/py_pubsub/build/lib/py_pubsub
[0.729s] running install
[0.729s] running install_lib
[0.730s] copying /home/dunto/demo_ws/build/py_pubsub/build/lib/py_pubsub/publisher_member_function.py -> /home/dunto/demo_ws/install/py_pubsub/lib/python3.8/site-packages/py_pubsub
[0.730s] byte-compiling /home/dunto/demo_ws/install/py_pubsub/lib/python3.8/site-packages/py_pubsub/publisher_member_function.py to publisher_member_function.cpython-38.pyc
[0.731s]   File "/home/dunto/demo_ws/install/py_pubsub/lib/python3.8/site-packages/py_pubsub/publisher_member_function.py", line 55
[0.731s]     if !(keys[pygame.K_LEFT]):
[0.731s]        ^
[0.732s] SyntaxError: invalid syntax
[0.732s] 
[0.732s] running install_data
[0.732s] running install_egg_info
[0.733s] removing '/home/dunto/demo_ws/install/py_pubsub/lib/python3.8/site-packages/py_pubsub-0.0.1-py3.8.egg-info' (and everything under it)
[0.733s] Copying ../../build/py_pubsub/py_pubsub.egg-info to /home/dunto/demo_ws/install/py_pubsub/lib/python3.8/site-packages/py_pubsub-0.0.1-py3.8.egg-info
[0.734s] running install_scripts
[0.748s] Installing listener script to /home/dunto/demo_ws/install/py_pubsub/lib/py_pubsub
[0.748s] Installing talker script to /home/dunto/demo_ws/install/py_pubsub/lib/py_pubsub
[0.749s] writing list of installed files to '/home/dunto/demo_ws/build/py_pubsub/install.log'
[0.766s] Invoked command in '/home/dunto/demo_ws/src/py_pubsub' returned '0': PYTHONPATH=/home/dunto/demo_ws/install/py_pubsub/lib/python3.8/site-packages:${PYTHONPATH} /usr/bin/python3 setup.py egg_info --egg-base ../../build/py_pubsub build --build-base /home/dunto/demo_ws/build/py_pubsub/build install --prefix /home/dunto/demo_ws/install/py_pubsub --record /home/dunto/demo_ws/build/py_pubsub/install.log --single-version-externally-managed
