[0.778s] Invoking command in '/home/dunto/demo_ws/src/py_pubsub': PYTHONPATH=/home/dunto/demo_ws/install/py_pubsub/lib/python3.8/site-packages:${PYTHONPATH} /usr/bin/python3 setup.py egg_info --egg-base ../../build/py_pubsub build --build-base /home/dunto/demo_ws/build/py_pubsub/build install --prefix /home/dunto/demo_ws/install/py_pubsub --record /home/dunto/demo_ws/build/py_pubsub/install.log --single-version-externally-managed
[1.006s] running egg_info
[1.007s] writing ../../build/py_pubsub/py_pubsub.egg-info/PKG-INFO
[1.007s] writing dependency_links to ../../build/py_pubsub/py_pubsub.egg-info/dependency_links.txt
[1.008s] writing entry points to ../../build/py_pubsub/py_pubsub.egg-info/entry_points.txt
[1.008s] writing requirements to ../../build/py_pubsub/py_pubsub.egg-info/requires.txt
[1.008s] writing top-level names to ../../build/py_pubsub/py_pubsub.egg-info/top_level.txt
[1.043s] reading manifest file '../../build/py_pubsub/py_pubsub.egg-info/SOURCES.txt'
[1.044s] writing manifest file '../../build/py_pubsub/py_pubsub.egg-info/SOURCES.txt'
[1.044s] running build
[1.044s] running build_py
[1.044s] running install
[1.045s] running install_lib
[1.047s] running install_data
[1.047s] running install_egg_info
[1.050s] removing '/home/dunto/demo_ws/install/py_pubsub/lib/python3.8/site-packages/py_pubsub-0.0.1-py3.8.egg-info' (and everything under it)
[1.050s] Copying ../../build/py_pubsub/py_pubsub.egg-info to /home/dunto/demo_ws/install/py_pubsub/lib/python3.8/site-packages/py_pubsub-0.0.1-py3.8.egg-info
[1.051s] running install_scripts
[1.073s] Installing listener script to /home/dunto/demo_ws/install/py_pubsub/lib/py_pubsub
[1.074s] Installing talker script to /home/dunto/demo_ws/install/py_pubsub/lib/py_pubsub
[1.074s] writing list of installed files to '/home/dunto/demo_ws/build/py_pubsub/install.log'
[1.098s] Invoked command in '/home/dunto/demo_ws/src/py_pubsub' returned '0': PYTHONPATH=/home/dunto/demo_ws/install/py_pubsub/lib/python3.8/site-packages:${PYTHONPATH} /usr/bin/python3 setup.py egg_info --egg-base ../../build/py_pubsub build --build-base /home/dunto/demo_ws/build/py_pubsub/build install --prefix /home/dunto/demo_ws/install/py_pubsub --record /home/dunto/demo_ws/build/py_pubsub/install.log --single-version-externally-managed
