[0.645s] Invoking command in '/home/dunto/demo_ws/src/py_pubsub': PYTHONPATH=/home/dunto/demo_ws/install/py_pubsub/lib/python3.8/site-packages:${PYTHONPATH} /usr/bin/python3 setup.py egg_info --egg-base ../../build/py_pubsub build --build-base /home/dunto/demo_ws/build/py_pubsub/build install --prefix /home/dunto/demo_ws/install/py_pubsub --record /home/dunto/demo_ws/build/py_pubsub/install.log --single-version-externally-managed
[0.856s] running egg_info
[0.857s] writing ../../build/py_pubsub/py_pubsub.egg-info/PKG-INFO
[0.857s] writing dependency_links to ../../build/py_pubsub/py_pubsub.egg-info/dependency_links.txt
[0.858s] writing entry points to ../../build/py_pubsub/py_pubsub.egg-info/entry_points.txt
[0.858s] writing requirements to ../../build/py_pubsub/py_pubsub.egg-info/requires.txt
[0.858s] writing top-level names to ../../build/py_pubsub/py_pubsub.egg-info/top_level.txt
[0.904s] reading manifest file '../../build/py_pubsub/py_pubsub.egg-info/SOURCES.txt'
[0.905s] writing manifest file '../../build/py_pubsub/py_pubsub.egg-info/SOURCES.txt'
[0.905s] running build
[0.906s] running build_py
[0.906s] copying py_pubsub/publisher_member_function.py -> /home/dunto/demo_ws/build/py_pubsub/build/lib/py_pubsub
[0.906s] running install
[0.907s] running install_lib
[0.908s] copying /home/dunto/demo_ws/build/py_pubsub/build/lib/py_pubsub/publisher_member_function.py -> /home/dunto/demo_ws/install/py_pubsub/lib/python3.8/site-packages/py_pubsub
[0.909s] byte-compiling /home/dunto/demo_ws/install/py_pubsub/lib/python3.8/site-packages/py_pubsub/publisher_member_function.py to publisher_member_function.cpython-38.pyc
[0.911s] Sorry: IndentationError: unindent does not match any outer indentation level (publisher_member_function.py, line 47)
[0.912s] running install_data
[0.912s] running install_egg_info
[0.913s] removing '/home/dunto/demo_ws/install/py_pubsub/lib/python3.8/site-packages/py_pubsub-0.0.1-py3.8.egg-info' (and everything under it)
[0.914s] Copying ../../build/py_pubsub/py_pubsub.egg-info to /home/dunto/demo_ws/install/py_pubsub/lib/python3.8/site-packages/py_pubsub-0.0.1-py3.8.egg-info
[0.915s] running install_scripts
[0.932s] Installing listener script to /home/dunto/demo_ws/install/py_pubsub/lib/py_pubsub
[0.932s] Installing talker script to /home/dunto/demo_ws/install/py_pubsub/lib/py_pubsub
[0.933s] writing list of installed files to '/home/dunto/demo_ws/build/py_pubsub/install.log'
[0.963s] Invoked command in '/home/dunto/demo_ws/src/py_pubsub' returned '0': PYTHONPATH=/home/dunto/demo_ws/install/py_pubsub/lib/python3.8/site-packages:${PYTHONPATH} /usr/bin/python3 setup.py egg_info --egg-base ../../build/py_pubsub build --build-base /home/dunto/demo_ws/build/py_pubsub/build install --prefix /home/dunto/demo_ws/install/py_pubsub --record /home/dunto/demo_ws/build/py_pubsub/install.log --single-version-externally-managed
