[0.458s] Invoking command in '/home/dunto/demo_ws/src/py_pubsub': PYTHONPATH=/home/dunto/demo_ws/install/py_pubsub/lib/python3.8/site-packages:${PYTHONPATH} /usr/bin/python3 setup.py egg_info --egg-base ../../build/py_pubsub build --build-base /home/dunto/demo_ws/build/py_pubsub/build install --prefix /home/dunto/demo_ws/install/py_pubsub --record /home/dunto/demo_ws/build/py_pubsub/install.log --single-version-externally-managed
[0.600s] running egg_info
[0.601s] writing ../../build/py_pubsub/py_pubsub.egg-info/PKG-INFO
[0.605s] writing dependency_links to ../../build/py_pubsub/py_pubsub.egg-info/dependency_links.txt
[0.605s] writing entry points to ../../build/py_pubsub/py_pubsub.egg-info/entry_points.txt
[0.605s] writing requirements to ../../build/py_pubsub/py_pubsub.egg-info/requires.txt
[0.605s] writing top-level names to ../../build/py_pubsub/py_pubsub.egg-info/top_level.txt
[0.631s] reading manifest file '../../build/py_pubsub/py_pubsub.egg-info/SOURCES.txt'
[0.632s] writing manifest file '../../build/py_pubsub/py_pubsub.egg-info/SOURCES.txt'
[0.632s] running build
[0.632s] running build_py
[0.632s] copying py_pubsub/publisher_member_function.py -> /home/dunto/demo_ws/build/py_pubsub/build/lib/py_pubsub
[0.632s] running install
[0.633s] running install_lib
[0.634s] copying /home/dunto/demo_ws/build/py_pubsub/build/lib/py_pubsub/publisher_member_function.py -> /home/dunto/demo_ws/install/py_pubsub/lib/python3.8/site-packages/py_pubsub
[0.634s] byte-compiling /home/dunto/demo_ws/install/py_pubsub/lib/python3.8/site-packages/py_pubsub/publisher_member_function.py to publisher_member_function.cpython-38.pyc
[0.635s]   File "/home/dunto/demo_ws/install/py_pubsub/lib/python3.8/site-packages/py_pubsub/publisher_member_function.py", line 70
[0.635s]     else
[0.636s]        ^
[0.636s] SyntaxError: invalid syntax
[0.636s] 
[0.636s] running install_data
[0.636s] running install_egg_info
[0.637s] removing '/home/dunto/demo_ws/install/py_pubsub/lib/python3.8/site-packages/py_pubsub-0.0.1-py3.8.egg-info' (and everything under it)
[0.637s] Copying ../../build/py_pubsub/py_pubsub.egg-info to /home/dunto/demo_ws/install/py_pubsub/lib/python3.8/site-packages/py_pubsub-0.0.1-py3.8.egg-info
[0.638s] running install_scripts
[0.650s] Installing listener script to /home/dunto/demo_ws/install/py_pubsub/lib/py_pubsub
[0.650s] Installing talker script to /home/dunto/demo_ws/install/py_pubsub/lib/py_pubsub
[0.651s] writing list of installed files to '/home/dunto/demo_ws/build/py_pubsub/install.log'
[0.667s] Invoked command in '/home/dunto/demo_ws/src/py_pubsub' returned '0': PYTHONPATH=/home/dunto/demo_ws/install/py_pubsub/lib/python3.8/site-packages:${PYTHONPATH} /usr/bin/python3 setup.py egg_info --egg-base ../../build/py_pubsub build --build-base /home/dunto/demo_ws/build/py_pubsub/build install --prefix /home/dunto/demo_ws/install/py_pubsub --record /home/dunto/demo_ws/build/py_pubsub/install.log --single-version-externally-managed
