[0.509s] Invoking command in '/home/dunto/demo_ws/src/py_pubsub': PYTHONPATH=/home/dunto/demo_ws/install/py_pubsub/lib/python3.8/site-packages:${PYTHONPATH} /usr/bin/python3 setup.py egg_info --egg-base ../../build/py_pubsub build --build-base /home/dunto/demo_ws/build/py_pubsub/build install --prefix /home/dunto/demo_ws/install/py_pubsub --record /home/dunto/demo_ws/build/py_pubsub/install.log --single-version-externally-managed
[0.662s] running egg_info
[0.663s] writing ../../build/py_pubsub/py_pubsub.egg-info/PKG-INFO
[0.663s] writing dependency_links to ../../build/py_pubsub/py_pubsub.egg-info/dependency_links.txt
[0.663s] writing entry points to ../../build/py_pubsub/py_pubsub.egg-info/entry_points.txt
[0.664s] writing requirements to ../../build/py_pubsub/py_pubsub.egg-info/requires.txt
[0.664s] writing top-level names to ../../build/py_pubsub/py_pubsub.egg-info/top_level.txt
[0.690s] reading manifest file '../../build/py_pubsub/py_pubsub.egg-info/SOURCES.txt'
[0.690s] writing manifest file '../../build/py_pubsub/py_pubsub.egg-info/SOURCES.txt'
[0.691s] running build
[0.691s] running build_py
[0.691s] copying py_pubsub/subscriber_member_function.py -> /home/dunto/demo_ws/build/py_pubsub/build/lib/py_pubsub
[0.691s] running install
[0.693s] running install_lib
[0.694s] copying /home/dunto/demo_ws/build/py_pubsub/build/lib/py_pubsub/subscriber_member_function.py -> /home/dunto/demo_ws/install/py_pubsub/lib/python3.8/site-packages/py_pubsub
[0.694s] byte-compiling /home/dunto/demo_ws/install/py_pubsub/lib/python3.8/site-packages/py_pubsub/subscriber_member_function.py to subscriber_member_function.cpython-38.pyc
[0.695s] running install_data
[0.696s] running install_egg_info
[0.697s] removing '/home/dunto/demo_ws/install/py_pubsub/lib/python3.8/site-packages/py_pubsub-0.0.1-py3.8.egg-info' (and everything under it)
[0.697s] Copying ../../build/py_pubsub/py_pubsub.egg-info to /home/dunto/demo_ws/install/py_pubsub/lib/python3.8/site-packages/py_pubsub-0.0.1-py3.8.egg-info
[0.698s] running install_scripts
[0.711s] Installing listener script to /home/dunto/demo_ws/install/py_pubsub/lib/py_pubsub
[0.711s] Installing talker script to /home/dunto/demo_ws/install/py_pubsub/lib/py_pubsub
[0.711s] writing list of installed files to '/home/dunto/demo_ws/build/py_pubsub/install.log'
[0.727s] Invoked command in '/home/dunto/demo_ws/src/py_pubsub' returned '0': PYTHONPATH=/home/dunto/demo_ws/install/py_pubsub/lib/python3.8/site-packages:${PYTHONPATH} /usr/bin/python3 setup.py egg_info --egg-base ../../build/py_pubsub build --build-base /home/dunto/demo_ws/build/py_pubsub/build install --prefix /home/dunto/demo_ws/install/py_pubsub --record /home/dunto/demo_ws/build/py_pubsub/install.log --single-version-externally-managed
