[0.612s] Invoking command in '/home/dunto/demo_ws/src/py_pubsub': PYTHONPATH=/home/dunto/demo_ws/install/py_pubsub/lib/python3.8/site-packages:${PYTHONPATH} /usr/bin/python3 setup.py egg_info --egg-base ../../build/py_pubsub build --build-base /home/dunto/demo_ws/build/py_pubsub/build install --prefix /home/dunto/demo_ws/install/py_pubsub --record /home/dunto/demo_ws/build/py_pubsub/install.log --single-version-externally-managed
[0.767s] running egg_info
[0.767s] writing ../../build/py_pubsub/py_pubsub.egg-info/PKG-INFO
[0.767s] writing dependency_links to ../../build/py_pubsub/py_pubsub.egg-info/dependency_links.txt
[0.768s] writing entry points to ../../build/py_pubsub/py_pubsub.egg-info/entry_points.txt
[0.768s] writing requirements to ../../build/py_pubsub/py_pubsub.egg-info/requires.txt
[0.768s] writing top-level names to ../../build/py_pubsub/py_pubsub.egg-info/top_level.txt
[0.799s] reading manifest file '../../build/py_pubsub/py_pubsub.egg-info/SOURCES.txt'
[0.800s] writing manifest file '../../build/py_pubsub/py_pubsub.egg-info/SOURCES.txt'
[0.800s] running build
[0.800s] running build_py
[0.801s] copying py_pubsub/publisher_member_function.py -> /home/dunto/demo_ws/build/py_pubsub/build/lib/py_pubsub
[0.801s] running install
[0.802s] running install_lib
[0.803s] copying /home/dunto/demo_ws/build/py_pubsub/build/lib/py_pubsub/publisher_member_function.py -> /home/dunto/demo_ws/install/py_pubsub/lib/python3.8/site-packages/py_pubsub
[0.803s] byte-compiling /home/dunto/demo_ws/install/py_pubsub/lib/python3.8/site-packages/py_pubsub/publisher_member_function.py to publisher_member_function.cpython-38.pyc
[0.805s]   File "/home/dunto/demo_ws/install/py_pubsub/lib/python3.8/site-packages/py_pubsub/publisher_member_function.py", line 130
[0.805s]     global rightKey = ArrowKey()
[0.805s]                     ^
[0.805s] SyntaxError: invalid syntax
[0.805s] 
[0.805s] running install_data
[0.805s] running install_egg_info
[0.806s] removing '/home/dunto/demo_ws/install/py_pubsub/lib/python3.8/site-packages/py_pubsub-0.0.1-py3.8.egg-info' (and everything under it)
[0.807s] Copying ../../build/py_pubsub/py_pubsub.egg-info to /home/dunto/demo_ws/install/py_pubsub/lib/python3.8/site-packages/py_pubsub-0.0.1-py3.8.egg-info
[0.808s] running install_scripts
[0.820s] Installing listener script to /home/dunto/demo_ws/install/py_pubsub/lib/py_pubsub
[0.821s] Installing talker script to /home/dunto/demo_ws/install/py_pubsub/lib/py_pubsub
[0.821s] writing list of installed files to '/home/dunto/demo_ws/build/py_pubsub/install.log'
[0.836s] Invoked command in '/home/dunto/demo_ws/src/py_pubsub' returned '0': PYTHONPATH=/home/dunto/demo_ws/install/py_pubsub/lib/python3.8/site-packages:${PYTHONPATH} /usr/bin/python3 setup.py egg_info --egg-base ../../build/py_pubsub build --build-base /home/dunto/demo_ws/build/py_pubsub/build install --prefix /home/dunto/demo_ws/install/py_pubsub --record /home/dunto/demo_ws/build/py_pubsub/install.log --single-version-externally-managed
