[0.476s] Invoking command in '/home/dunto/demo_ws/src/py_pubsub': PYTHONPATH=/home/dunto/demo_ws/install/py_pubsub/lib/python3.8/site-packages:${PYTHONPATH} /usr/bin/python3 setup.py egg_info --egg-base ../../build/py_pubsub build --build-base /home/dunto/demo_ws/build/py_pubsub/build install --prefix /home/dunto/demo_ws/install/py_pubsub --record /home/dunto/demo_ws/build/py_pubsub/install.log --single-version-externally-managed
[0.677s] running egg_info
[0.678s] writing ../../build/py_pubsub/py_pubsub.egg-info/PKG-INFO
[0.678s] writing dependency_links to ../../build/py_pubsub/py_pubsub.egg-info/dependency_links.txt
[0.678s] writing entry points to ../../build/py_pubsub/py_pubsub.egg-info/entry_points.txt
[0.678s] writing requirements to ../../build/py_pubsub/py_pubsub.egg-info/requires.txt
[0.679s] writing top-level names to ../../build/py_pubsub/py_pubsub.egg-info/top_level.txt
[0.706s] reading manifest file '../../build/py_pubsub/py_pubsub.egg-info/SOURCES.txt'
[0.707s] writing manifest file '../../build/py_pubsub/py_pubsub.egg-info/SOURCES.txt'
[0.707s] running build
[0.708s] running build_py
[0.708s] copying py_pubsub/publisher_member_function.py -> /home/dunto/demo_ws/build/py_pubsub/build/lib/py_pubsub
[0.708s] running install
[0.709s] running install_lib
[0.710s] copying /home/dunto/demo_ws/build/py_pubsub/build/lib/py_pubsub/publisher_member_function.py -> /home/dunto/demo_ws/install/py_pubsub/lib/python3.8/site-packages/py_pubsub
[0.710s] byte-compiling /home/dunto/demo_ws/install/py_pubsub/lib/python3.8/site-packages/py_pubsub/publisher_member_function.py to publisher_member_function.cpython-38.pyc
[0.711s]   File "/home/dunto/demo_ws/install/py_pubsub/lib/python3.8/site-packages/py_pubsub/publisher_member_function.py", line 55
[0.711s]     if !keys[pygame.K_LEFT]:
[0.711s]        ^
[0.711s] SyntaxError: invalid syntax
[0.712s] 
[0.712s] running install_data
[0.712s] running install_egg_info
[0.713s] removing '/home/dunto/demo_ws/install/py_pubsub/lib/python3.8/site-packages/py_pubsub-0.0.1-py3.8.egg-info' (and everything under it)
[0.713s] Copying ../../build/py_pubsub/py_pubsub.egg-info to /home/dunto/demo_ws/install/py_pubsub/lib/python3.8/site-packages/py_pubsub-0.0.1-py3.8.egg-info
[0.714s] running install_scripts
[0.727s] Installing listener script to /home/dunto/demo_ws/install/py_pubsub/lib/py_pubsub
[0.727s] Installing talker script to /home/dunto/demo_ws/install/py_pubsub/lib/py_pubsub
[0.728s] writing list of installed files to '/home/dunto/demo_ws/build/py_pubsub/install.log'
[0.745s] Invoked command in '/home/dunto/demo_ws/src/py_pubsub' returned '0': PYTHONPATH=/home/dunto/demo_ws/install/py_pubsub/lib/python3.8/site-packages:${PYTHONPATH} /usr/bin/python3 setup.py egg_info --egg-base ../../build/py_pubsub build --build-base /home/dunto/demo_ws/build/py_pubsub/build install --prefix /home/dunto/demo_ws/install/py_pubsub --record /home/dunto/demo_ws/build/py_pubsub/install.log --single-version-externally-managed
