[0.891s] Invoking command in '/home/dunto/roboComs/src/roboCom': PYTHONPATH=/home/dunto/roboComs/install/roboCom/lib/python3.8/site-packages:${PYTHONPATH} /usr/bin/python3 setup.py egg_info --egg-base ../../build/roboCom build --build-base /home/dunto/roboComs/build/roboCom/build install --prefix /home/dunto/roboComs/install/roboCom --record /home/dunto/roboComs/build/roboCom/install.log --single-version-externally-managed
[1.169s] running egg_info
[1.172s] writing ../../build/roboCom/roboCom.egg-info/PKG-INFO
[1.174s] writing dependency_links to ../../build/roboCom/roboCom.egg-info/dependency_links.txt
[1.176s] writing entry points to ../../build/roboCom/roboCom.egg-info/entry_points.txt
[1.176s] writing requirements to ../../build/roboCom/roboCom.egg-info/requires.txt
[1.176s] writing top-level names to ../../build/roboCom/roboCom.egg-info/top_level.txt
[1.217s] reading manifest file '../../build/roboCom/roboCom.egg-info/SOURCES.txt'
[1.217s] writing manifest file '../../build/roboCom/roboCom.egg-info/SOURCES.txt'
[1.218s] running build
[1.222s] running build_py
[1.223s] copying roboCom/robotCom.py -> /home/dunto/roboComs/build/roboCom/build/lib/roboCom
[1.224s] running install
[1.225s] running install_lib
[1.227s] copying /home/dunto/roboComs/build/roboCom/build/lib/roboCom/robotCom.py -> /home/dunto/roboComs/install/roboCom/lib/python3.8/site-packages/roboCom
[1.228s] byte-compiling /home/dunto/roboComs/install/roboCom/lib/python3.8/site-packages/roboCom/robotCom.py to robotCom.cpython-38.pyc
[1.229s] byte-compiling /home/dunto/roboComs/install/roboCom/lib/python3.8/site-packages/roboCom/controllerCom.py to controllerCom.cpython-38.pyc
[1.230s] running install_data
[1.231s] Sorry: TabError: inconsistent use of tabs and spaces in indentation (controllerCom.py, line 150)
[1.231s] running install_egg_info
[1.232s] removing '/home/dunto/roboComs/install/roboCom/lib/python3.8/site-packages/roboCom-0.0.1-py3.8.egg-info' (and everything under it)
[1.233s] Copying ../../build/roboCom/roboCom.egg-info to /home/dunto/roboComs/install/roboCom/lib/python3.8/site-packages/roboCom-0.0.1-py3.8.egg-info
[1.235s] running install_scripts
[1.265s] Installing controller script to /home/dunto/roboComs/install/roboCom/lib/roboCom
[1.266s] Installing robot script to /home/dunto/roboComs/install/roboCom/lib/roboCom
[1.266s] writing list of installed files to '/home/dunto/roboComs/build/roboCom/install.log'
[1.309s] Invoked command in '/home/dunto/roboComs/src/roboCom' returned '0': PYTHONPATH=/home/dunto/roboComs/install/roboCom/lib/python3.8/site-packages:${PYTHONPATH} /usr/bin/python3 setup.py egg_info --egg-base ../../build/roboCom build --build-base /home/dunto/roboComs/build/roboCom/build install --prefix /home/dunto/roboComs/install/roboCom --record /home/dunto/roboComs/build/roboCom/install.log --single-version-externally-managed
