[0.482s] Invoking command in '/home/dunto/demo_ws/src/py_pubsub': PYTHONPATH=/home/dunto/demo_ws/install/py_pubsub/lib/python3.8/site-packages:${PYTHONPATH} /usr/bin/python3 setup.py egg_info --egg-base ../../build/py_pubsub build --build-base /home/dunto/demo_ws/build/py_pubsub/build install --prefix /home/dunto/demo_ws/install/py_pubsub --record /home/dunto/demo_ws/build/py_pubsub/install.log --single-version-externally-managed
[0.647s] running egg_info
[0.648s] writing ../../build/py_pubsub/py_pubsub.egg-info/PKG-INFO
[0.648s] writing dependency_links to ../../build/py_pubsub/py_pubsub.egg-info/dependency_links.txt
[0.648s] writing entry points to ../../build/py_pubsub/py_pubsub.egg-info/entry_points.txt
[0.648s] writing requirements to ../../build/py_pubsub/py_pubsub.egg-info/requires.txt
[0.649s] writing top-level names to ../../build/py_pubsub/py_pubsub.egg-info/top_level.txt
[0.677s] reading manifest file '../../build/py_pubsub/py_pubsub.egg-info/SOURCES.txt'
[0.678s] writing manifest file '../../build/py_pubsub/py_pubsub.egg-info/SOURCES.txt'
[0.678s] running build
[0.679s] running build_py
[0.679s] copying py_pubsub/subscriber_member_function.py -> /home/dunto/demo_ws/build/py_pubsub/build/lib/py_pubsub
[0.679s] running install
[0.680s] running install_lib
[0.681s] copying /home/dunto/demo_ws/build/py_pubsub/build/lib/py_pubsub/subscriber_member_function.py -> /home/dunto/demo_ws/install/py_pubsub/lib/python3.8/site-packages/py_pubsub
[0.681s] byte-compiling /home/dunto/demo_ws/install/py_pubsub/lib/python3.8/site-packages/py_pubsub/subscriber_member_function.py to subscriber_member_function.cpython-38.pyc
[0.683s] running install_data
[0.685s] running install_egg_info
[0.685s] removing '/home/dunto/demo_ws/install/py_pubsub/lib/python3.8/site-packages/py_pubsub-0.0.1-py3.8.egg-info' (and everything under it)
[0.685s] Copying ../../build/py_pubsub/py_pubsub.egg-info to /home/dunto/demo_ws/install/py_pubsub/lib/python3.8/site-packages/py_pubsub-0.0.1-py3.8.egg-info
[0.686s] running install_scripts
[0.706s] Installing listener script to /home/dunto/demo_ws/install/py_pubsub/lib/py_pubsub
[0.707s] Installing talker script to /home/dunto/demo_ws/install/py_pubsub/lib/py_pubsub
[0.707s] writing list of installed files to '/home/dunto/demo_ws/build/py_pubsub/install.log'
[0.719s] Invoked command in '/home/dunto/demo_ws/src/py_pubsub' returned '0': PYTHONPATH=/home/dunto/demo_ws/install/py_pubsub/lib/python3.8/site-packages:${PYTHONPATH} /usr/bin/python3 setup.py egg_info --egg-base ../../build/py_pubsub build --build-base /home/dunto/demo_ws/build/py_pubsub/build install --prefix /home/dunto/demo_ws/install/py_pubsub --record /home/dunto/demo_ws/build/py_pubsub/install.log --single-version-externally-managed
