[1.026s] Invoking command in '/home/dunto/roboComs/src/roboCom': PYTHONPATH=/home/dunto/roboComs/install/roboCom/lib/python3.8/site-packages:${PYTHONPATH} /usr/bin/python3 setup.py egg_info --egg-base ../../build/roboCom build --build-base /home/dunto/roboComs/build/roboCom/build install --prefix /home/dunto/roboComs/install/roboCom --record /home/dunto/roboComs/build/roboCom/install.log --single-version-externally-managed
[1.305s] running egg_info
[1.310s] writing ../../build/roboCom/roboCom.egg-info/PKG-INFO
[1.311s] writing dependency_links to ../../build/roboCom/roboCom.egg-info/dependency_links.txt
[1.311s] writing entry points to ../../build/roboCom/roboCom.egg-info/entry_points.txt
[1.311s] writing requirements to ../../build/roboCom/roboCom.egg-info/requires.txt
[1.312s] writing top-level names to ../../build/roboCom/roboCom.egg-info/top_level.txt
[1.358s] reading manifest file '../../build/roboCom/roboCom.egg-info/SOURCES.txt'
[1.361s] writing manifest file '../../build/roboCom/roboCom.egg-info/SOURCES.txt'
[1.362s] running build
[1.363s] running build_py
[1.363s] copying roboCom/robotCom.py -> /home/dunto/roboComs/build/roboCom/build/lib/roboCom
[1.363s] copying roboCom/controllerCom.py -> /home/dunto/roboComs/build/roboCom/build/lib/roboCom
[1.364s] running install
[1.365s] running install_lib
[1.366s] copying /home/dunto/roboComs/build/roboCom/build/lib/roboCom/robotCom.py -> /home/dunto/roboComs/install/roboCom/lib/python3.8/site-packages/roboCom
[1.366s] copying /home/dunto/roboComs/build/roboCom/build/lib/roboCom/controllerCom.py -> /home/dunto/roboComs/install/roboCom/lib/python3.8/site-packages/roboCom
[1.367s] byte-compiling /home/dunto/roboComs/install/roboCom/lib/python3.8/site-packages/roboCom/robotCom.py to robotCom.cpython-38.pyc
[1.368s] Sorry: TabError: inconsistent use of tabs and spaces in indentation (robotCom.py, line 55)
[1.368s] byte-compiling /home/dunto/roboComs/install/roboCom/lib/python3.8/site-packages/roboCom/controllerCom.py to controllerCom.cpython-38.pyc
[1.369s] Sorry: TabError: inconsistent use of tabs and spaces in indentation (controllerCom.py, line 150)
[1.369s] running install_data
[1.369s] running install_egg_info
[1.373s] removing '/home/dunto/roboComs/install/roboCom/lib/python3.8/site-packages/roboCom-0.0.1-py3.8.egg-info' (and everything under it)
[1.374s] Copying ../../build/roboCom/roboCom.egg-info to /home/dunto/roboComs/install/roboCom/lib/python3.8/site-packages/roboCom-0.0.1-py3.8.egg-info
[1.376s] running install_scripts
[1.400s] Installing controller script to /home/dunto/roboComs/install/roboCom/lib/roboCom
[1.400s] Installing robot script to /home/dunto/roboComs/install/roboCom/lib/roboCom
[1.401s] writing list of installed files to '/home/dunto/roboComs/build/roboCom/install.log'
[1.433s] Invoked command in '/home/dunto/roboComs/src/roboCom' returned '0': PYTHONPATH=/home/dunto/roboComs/install/roboCom/lib/python3.8/site-packages:${PYTHONPATH} /usr/bin/python3 setup.py egg_info --egg-base ../../build/roboCom build --build-base /home/dunto/roboComs/build/roboCom/build install --prefix /home/dunto/roboComs/install/roboCom --record /home/dunto/roboComs/build/roboCom/install.log --single-version-externally-managed
