[0.609s] Invoking command in '/home/dunto/Lunabotics/roboComs/src/roboCom': PYTHONPATH=/home/dunto/Lunabotics/roboComs/install/roboCom/lib/python3.8/site-packages:${PYTHONPATH} /usr/bin/python3 setup.py egg_info --egg-base ../../build/roboCom build --build-base /home/dunto/Lunabotics/roboComs/build/roboCom/build install --prefix /home/dunto/Lunabotics/roboComs/install/roboCom --record /home/dunto/Lunabotics/roboComs/build/roboCom/install.log --single-version-externally-managed
[0.792s] running egg_info
[0.793s] writing ../../build/roboCom/roboCom.egg-info/PKG-INFO
[0.793s] writing dependency_links to ../../build/roboCom/roboCom.egg-info/dependency_links.txt
[0.793s] writing entry points to ../../build/roboCom/roboCom.egg-info/entry_points.txt
[0.793s] writing requirements to ../../build/roboCom/roboCom.egg-info/requires.txt
[0.794s] writing top-level names to ../../build/roboCom/roboCom.egg-info/top_level.txt
[0.824s] reading manifest file '../../build/roboCom/roboCom.egg-info/SOURCES.txt'
[0.824s] writing manifest file '../../build/roboCom/roboCom.egg-info/SOURCES.txt'
[0.824s] running build
[0.824s] running build_py
[0.825s] copying roboCom/controllerCom.py -> /home/dunto/Lunabotics/roboComs/build/roboCom/build/lib/roboCom
[0.825s] running install
[0.825s] running install_lib
[0.826s] copying /home/dunto/Lunabotics/roboComs/build/roboCom/build/lib/roboCom/controllerCom.py -> /home/dunto/Lunabotics/roboComs/install/roboCom/lib/python3.8/site-packages/roboCom
[0.827s] byte-compiling /home/dunto/Lunabotics/roboComs/install/roboCom/lib/python3.8/site-packages/roboCom/controllerCom.py to controllerCom.cpython-38.pyc
[0.829s] running install_data
[0.829s] running install_egg_info
[0.830s] removing '/home/dunto/Lunabotics/roboComs/install/roboCom/lib/python3.8/site-packages/roboCom-0.0.1-py3.8.egg-info' (and everything under it)
[0.831s] Copying ../../build/roboCom/roboCom.egg-info to /home/dunto/Lunabotics/roboComs/install/roboCom/lib/python3.8/site-packages/roboCom-0.0.1-py3.8.egg-info
[0.831s] running install_scripts
[0.850s] Installing controller script to /home/dunto/Lunabotics/roboComs/install/roboCom/lib/roboCom
[0.850s] Installing robot script to /home/dunto/Lunabotics/roboComs/install/roboCom/lib/roboCom
[0.851s] writing list of installed files to '/home/dunto/Lunabotics/roboComs/build/roboCom/install.log'
[0.877s] Invoked command in '/home/dunto/Lunabotics/roboComs/src/roboCom' returned '0': PYTHONPATH=/home/dunto/Lunabotics/roboComs/install/roboCom/lib/python3.8/site-packages:${PYTHONPATH} /usr/bin/python3 setup.py egg_info --egg-base ../../build/roboCom build --build-base /home/dunto/Lunabotics/roboComs/build/roboCom/build install --prefix /home/dunto/Lunabotics/roboComs/install/roboCom --record /home/dunto/Lunabotics/roboComs/build/roboCom/install.log --single-version-externally-managed
