[0.715s] Invoking command in '/home/dunto/roboComs/src/py_pubsub': PYTHONPATH=/home/dunto/roboComs/install/py_pubsub/lib/python3.8/site-packages:${PYTHONPATH} /usr/bin/python3 setup.py egg_info --egg-base ../../build/py_pubsub build --build-base /home/dunto/roboComs/build/py_pubsub/build install --prefix /home/dunto/roboComs/install/py_pubsub --record /home/dunto/roboComs/build/py_pubsub/install.log --single-version-externally-managed
[0.967s] running egg_info
[0.968s] writing ../../build/py_pubsub/py_pubsub.egg-info/PKG-INFO
[0.968s] writing dependency_links to ../../build/py_pubsub/py_pubsub.egg-info/dependency_links.txt
[0.968s] writing entry points to ../../build/py_pubsub/py_pubsub.egg-info/entry_points.txt
[0.969s] writing requirements to ../../build/py_pubsub/py_pubsub.egg-info/requires.txt
[0.969s] writing top-level names to ../../build/py_pubsub/py_pubsub.egg-info/top_level.txt
[1.009s] reading manifest file '../../build/py_pubsub/py_pubsub.egg-info/SOURCES.txt'
[1.010s] writing manifest file '../../build/py_pubsub/py_pubsub.egg-info/SOURCES.txt'
[1.010s] running build
[1.011s] running build_py
[1.011s] copying py_pubsub/robotCom.py -> /home/dunto/roboComs/build/py_pubsub/build/lib/py_pubsub
[1.011s] copying py_pubsub/controllerCom.py -> /home/dunto/roboComs/build/py_pubsub/build/lib/py_pubsub
[1.012s] running install
[1.013s] running install_lib
[1.016s] copying /home/dunto/roboComs/build/py_pubsub/build/lib/py_pubsub/robotCom.py -> /home/dunto/roboComs/install/py_pubsub/lib/python3.8/site-packages/py_pubsub
[1.016s] copying /home/dunto/roboComs/build/py_pubsub/build/lib/py_pubsub/controllerCom.py -> /home/dunto/roboComs/install/py_pubsub/lib/python3.8/site-packages/py_pubsub
[1.017s] byte-compiling /home/dunto/roboComs/install/py_pubsub/lib/python3.8/site-packages/py_pubsub/robotCom.py to robotCom.cpython-38.pyc
[1.021s] byte-compiling /home/dunto/roboComs/install/py_pubsub/lib/python3.8/site-packages/py_pubsub/controllerCom.py to controllerCom.cpython-38.pyc
[1.023s] running install_data
[1.024s] running install_egg_info
[1.026s] removing '/home/dunto/roboComs/install/py_pubsub/lib/python3.8/site-packages/py_pubsub-0.0.1-py3.8.egg-info' (and everything under it)
[1.027s] Copying ../../build/py_pubsub/py_pubsub.egg-info to /home/dunto/roboComs/install/py_pubsub/lib/python3.8/site-packages/py_pubsub-0.0.1-py3.8.egg-info
[1.028s] running install_scripts
[1.051s] Installing listener script to /home/dunto/roboComs/install/py_pubsub/lib/py_pubsub
[1.052s] Installing talker script to /home/dunto/roboComs/install/py_pubsub/lib/py_pubsub
[1.052s] writing list of installed files to '/home/dunto/roboComs/build/py_pubsub/install.log'
[1.088s] Invoked command in '/home/dunto/roboComs/src/py_pubsub' returned '0': PYTHONPATH=/home/dunto/roboComs/install/py_pubsub/lib/python3.8/site-packages:${PYTHONPATH} /usr/bin/python3 setup.py egg_info --egg-base ../../build/py_pubsub build --build-base /home/dunto/roboComs/build/py_pubsub/build install --prefix /home/dunto/roboComs/install/py_pubsub --record /home/dunto/roboComs/build/py_pubsub/install.log --single-version-externally-managed
