running egg_info
creating ../../build/roboCom/roboCom.egg-info
writing ../../build/roboCom/roboCom.egg-info/PKG-INFO
writing dependency_links to ../../build/roboCom/roboCom.egg-info/dependency_links.txt
writing entry points to ../../build/roboCom/roboCom.egg-info/entry_points.txt
writing requirements to ../../build/roboCom/roboCom.egg-info/requires.txt
writing top-level names to ../../build/roboCom/roboCom.egg-info/top_level.txt
writing manifest file '../../build/roboCom/roboCom.egg-info/SOURCES.txt'
reading manifest file '../../build/roboCom/roboCom.egg-info/SOURCES.txt'
writing manifest file '../../build/roboCom/roboCom.egg-info/SOURCES.txt'
running build
running build_py
creating /home/dunto/roboComs/build/roboCom/build
creating /home/dunto/roboComs/build/roboCom/build/lib
creating /home/dunto/roboComs/build/roboCom/build/lib/roboCom
copying roboCom/publisher_member_function.py -> /home/dunto/roboComs/build/roboCom/build/lib/roboCom
copying roboCom/robotCom.py -> /home/dunto/roboComs/build/roboCom/build/lib/roboCom
copying roboCom/__init__.py -> /home/dunto/roboComs/build/roboCom/build/lib/roboCom
copying roboCom/controllerCom.py -> /home/dunto/roboComs/build/roboCom/build/lib/roboCom
running install
running install_lib
creating /home/dunto/roboComs/install/roboCom/lib/python3.8/site-packages/roboCom
copying /home/dunto/roboComs/build/roboCom/build/lib/roboCom/publisher_member_function.py -> /home/dunto/roboComs/install/roboCom/lib/python3.8/site-packages/roboCom
copying /home/dunto/roboComs/build/roboCom/build/lib/roboCom/robotCom.py -> /home/dunto/roboComs/install/roboCom/lib/python3.8/site-packages/roboCom
copying /home/dunto/roboComs/build/roboCom/build/lib/roboCom/__init__.py -> /home/dunto/roboComs/install/roboCom/lib/python3.8/site-packages/roboCom
copying /home/dunto/roboComs/build/roboCom/build/lib/roboCom/controllerCom.py -> /home/dunto/roboComs/install/roboCom/lib/python3.8/site-packages/roboCom
byte-compiling /home/dunto/roboComs/install/roboCom/lib/python3.8/site-packages/roboCom/publisher_member_function.py to publisher_member_function.cpython-38.pyc
byte-compiling /home/dunto/roboComs/install/roboCom/lib/python3.8/site-packages/roboCom/robotCom.py to robotCom.cpython-38.pyc
byte-compiling /home/dunto/roboComs/install/roboCom/lib/python3.8/site-packages/roboCom/__init__.py to __init__.cpython-38.pyc
byte-compiling /home/dunto/roboComs/install/roboCom/lib/python3.8/site-packages/roboCom/controllerCom.py to controllerCom.cpython-38.pyc
running install_data
creating /home/dunto/roboComs/install/roboCom/share/ament_index
creating /home/dunto/roboComs/install/roboCom/share/ament_index/resource_index
creating /home/dunto/roboComs/install/roboCom/share/ament_index/resource_index/packages
