[0.628s] Invoking command in '/home/dunto/roboComs/src/roboCom': PYTHONPATH=/home/dunto/roboComs/install/roboCom/lib/python3.8/site-packages:${PYTHONPATH} /usr/bin/python3 setup.py egg_info --egg-base ../../build/roboCom build --build-base /home/dunto/roboComs/build/roboCom/build install --prefix /home/dunto/roboComs/install/roboCom --record /home/dunto/roboComs/build/roboCom/install.log --single-version-externally-managed
[0.850s] running egg_info
[0.852s] creating ../../build/roboCom/roboCom.egg-info
[0.852s] writing ../../build/roboCom/roboCom.egg-info/PKG-INFO
[0.853s] writing dependency_links to ../../build/roboCom/roboCom.egg-info/dependency_links.txt
[0.853s] writing entry points to ../../build/roboCom/roboCom.egg-info/entry_points.txt
[0.854s] writing requirements to ../../build/roboCom/roboCom.egg-info/requires.txt
[0.854s] writing top-level names to ../../build/roboCom/roboCom.egg-info/top_level.txt
[0.857s] writing manifest file '../../build/roboCom/roboCom.egg-info/SOURCES.txt'
[0.895s] reading manifest file '../../build/roboCom/roboCom.egg-info/SOURCES.txt'
[0.896s] writing manifest file '../../build/roboCom/roboCom.egg-info/SOURCES.txt'
[0.896s] running build
[0.896s] running build_py
[0.897s] creating /home/dunto/roboComs/build/roboCom/build
[0.897s] creating /home/dunto/roboComs/build/roboCom/build/lib
[0.898s] creating /home/dunto/roboComs/build/roboCom/build/lib/roboCom
[0.898s] copying roboCom/publisher_member_function.py -> /home/dunto/roboComs/build/roboCom/build/lib/roboCom
[0.898s] copying roboCom/robotCom.py -> /home/dunto/roboComs/build/roboCom/build/lib/roboCom
[0.898s] copying roboCom/__init__.py -> /home/dunto/roboComs/build/roboCom/build/lib/roboCom
[0.898s] copying roboCom/controllerCom.py -> /home/dunto/roboComs/build/roboCom/build/lib/roboCom
[0.899s] running install
[0.900s] running install_lib
[0.902s] creating /home/dunto/roboComs/install/roboCom/lib/python3.8/site-packages/roboCom
[0.904s] copying /home/dunto/roboComs/build/roboCom/build/lib/roboCom/publisher_member_function.py -> /home/dunto/roboComs/install/roboCom/lib/python3.8/site-packages/roboCom
[0.904s] copying /home/dunto/roboComs/build/roboCom/build/lib/roboCom/robotCom.py -> /home/dunto/roboComs/install/roboCom/lib/python3.8/site-packages/roboCom
[0.904s] copying /home/dunto/roboComs/build/roboCom/build/lib/roboCom/__init__.py -> /home/dunto/roboComs/install/roboCom/lib/python3.8/site-packages/roboCom
[0.905s] copying /home/dunto/roboComs/build/roboCom/build/lib/roboCom/controllerCom.py -> /home/dunto/roboComs/install/roboCom/lib/python3.8/site-packages/roboCom
[0.905s] byte-compiling /home/dunto/roboComs/install/roboCom/lib/python3.8/site-packages/roboCom/publisher_member_function.py to publisher_member_function.cpython-38.pyc
[0.908s] byte-compiling /home/dunto/roboComs/install/roboCom/lib/python3.8/site-packages/roboCom/robotCom.py to robotCom.cpython-38.pyc
[0.908s] byte-compiling /home/dunto/roboComs/install/roboCom/lib/python3.8/site-packages/roboCom/__init__.py to __init__.cpython-38.pyc
[0.909s] byte-compiling /home/dunto/roboComs/install/roboCom/lib/python3.8/site-packages/roboCom/controllerCom.py to controllerCom.cpython-38.pyc
[0.910s] running install_data
[0.911s] creating /home/dunto/roboComs/install/roboCom/share/ament_index
[0.912s] creating /home/dunto/roboComs/install/roboCom/share/ament_index/resource_index
[0.912s] creating /home/dunto/roboComs/install/roboCom/share/ament_index/resource_index/packages
[0.912s] error: can't copy 'resource/roboCom': doesn't exist or not a regular file
[0.942s] Invoked command in '/home/dunto/roboComs/src/roboCom' returned '1': PYTHONPATH=/home/dunto/roboComs/install/roboCom/lib/python3.8/site-packages:${PYTHONPATH} /usr/bin/python3 setup.py egg_info --egg-base ../../build/roboCom build --build-base /home/dunto/roboComs/build/roboCom/build install --prefix /home/dunto/roboComs/install/roboCom --record /home/dunto/roboComs/build/roboCom/install.log --single-version-externally-managed
