[1.047s] Invoking command in '/home/dunto/roboComs/src/roboCom': PYTHONPATH=/home/dunto/roboComs/install/roboCom/lib/python3.8/site-packages:${PYTHONPATH} /usr/bin/python3 setup.py egg_info --egg-base ../../build/roboCom build --build-base /home/dunto/roboComs/build/roboCom/build install --prefix /home/dunto/roboComs/install/roboCom --record /home/dunto/roboComs/build/roboCom/install.log --single-version-externally-managed
[1.357s] running egg_info
[1.358s] writing ../../build/roboCom/roboCom.egg-info/PKG-INFO
[1.360s] writing dependency_links to ../../build/roboCom/roboCom.egg-info/dependency_links.txt
[1.361s] writing entry points to ../../build/roboCom/roboCom.egg-info/entry_points.txt
[1.361s] writing requirements to ../../build/roboCom/roboCom.egg-info/requires.txt
[1.361s] writing top-level names to ../../build/roboCom/roboCom.egg-info/top_level.txt
[1.416s] reading manifest file '../../build/roboCom/roboCom.egg-info/SOURCES.txt'
[1.417s] writing manifest file '../../build/roboCom/roboCom.egg-info/SOURCES.txt'
[1.417s] running build
[1.417s] running build_py
[1.417s] copying roboCom/controllerCom.py -> /home/dunto/roboComs/build/roboCom/build/lib/roboCom
[1.418s] running install
[1.419s] running install_lib
[1.420s] copying /home/dunto/roboComs/build/roboCom/build/lib/roboCom/controllerCom.py -> /home/dunto/roboComs/install/roboCom/lib/python3.8/site-packages/roboCom
[1.425s] byte-compiling /home/dunto/roboComs/install/roboCom/lib/python3.8/site-packages/roboCom/controllerCom.py to controllerCom.cpython-38.pyc
[1.429s] running install_data
[1.429s] running install_egg_info
[1.432s] removing '/home/dunto/roboComs/install/roboCom/lib/python3.8/site-packages/roboCom-0.0.1-py3.8.egg-info' (and everything under it)
[1.432s] Copying ../../build/roboCom/roboCom.egg-info to /home/dunto/roboComs/install/roboCom/lib/python3.8/site-packages/roboCom-0.0.1-py3.8.egg-info
[1.433s] running install_scripts
[1.463s] Installing controller script to /home/dunto/roboComs/install/roboCom/lib/roboCom
[1.463s] Installing robot script to /home/dunto/roboComs/install/roboCom/lib/roboCom
[1.464s] writing list of installed files to '/home/dunto/roboComs/build/roboCom/install.log'
[1.502s] Invoked command in '/home/dunto/roboComs/src/roboCom' returned '0': PYTHONPATH=/home/dunto/roboComs/install/roboCom/lib/python3.8/site-packages:${PYTHONPATH} /usr/bin/python3 setup.py egg_info --egg-base ../../build/roboCom build --build-base /home/dunto/roboComs/build/roboCom/build install --prefix /home/dunto/roboComs/install/roboCom --record /home/dunto/roboComs/build/roboCom/install.log --single-version-externally-managed
