[0.699s] Invoking command in '/home/dunto/demo_ws/src/py_pubsub': PYTHONPATH=/home/dunto/demo_ws/install/py_pubsub/lib/python3.8/site-packages:${PYTHONPATH} /usr/bin/python3 setup.py egg_info --egg-base ../../build/py_pubsub build --build-base /home/dunto/demo_ws/build/py_pubsub/build install --prefix /home/dunto/demo_ws/install/py_pubsub --record /home/dunto/demo_ws/build/py_pubsub/install.log --single-version-externally-managed
[0.964s] running egg_info
[0.965s] writing ../../build/py_pubsub/py_pubsub.egg-info/PKG-INFO
[0.965s] writing dependency_links to ../../build/py_pubsub/py_pubsub.egg-info/dependency_links.txt
[0.966s] writing entry points to ../../build/py_pubsub/py_pubsub.egg-info/entry_points.txt
[0.966s] writing requirements to ../../build/py_pubsub/py_pubsub.egg-info/requires.txt
[0.966s] writing top-level names to ../../build/py_pubsub/py_pubsub.egg-info/top_level.txt
[0.999s] reading manifest file '../../build/py_pubsub/py_pubsub.egg-info/SOURCES.txt'
[1.000s] writing manifest file '../../build/py_pubsub/py_pubsub.egg-info/SOURCES.txt'
[1.001s] running build
[1.001s] running build_py
[1.001s] copying py_pubsub/publisher_member_function.py -> /home/dunto/demo_ws/build/py_pubsub/build/lib/py_pubsub
[1.001s] running install
[1.002s] running install_lib
[1.003s] copying /home/dunto/demo_ws/build/py_pubsub/build/lib/py_pubsub/publisher_member_function.py -> /home/dunto/demo_ws/install/py_pubsub/lib/python3.8/site-packages/py_pubsub
[1.004s] byte-compiling /home/dunto/demo_ws/install/py_pubsub/lib/python3.8/site-packages/py_pubsub/publisher_member_function.py to publisher_member_function.cpython-38.pyc
[1.007s] running install_data
[1.008s] running install_egg_info
[1.010s] removing '/home/dunto/demo_ws/install/py_pubsub/lib/python3.8/site-packages/py_pubsub-0.0.1-py3.8.egg-info' (and everything under it)
[1.010s] Copying ../../build/py_pubsub/py_pubsub.egg-info to /home/dunto/demo_ws/install/py_pubsub/lib/python3.8/site-packages/py_pubsub-0.0.1-py3.8.egg-info
[1.011s] running install_scripts
[1.029s] Installing listener script to /home/dunto/demo_ws/install/py_pubsub/lib/py_pubsub
[1.029s] Installing talker script to /home/dunto/demo_ws/install/py_pubsub/lib/py_pubsub
[1.030s] writing list of installed files to '/home/dunto/demo_ws/build/py_pubsub/install.log'
[1.058s] Invoked command in '/home/dunto/demo_ws/src/py_pubsub' returned '0': PYTHONPATH=/home/dunto/demo_ws/install/py_pubsub/lib/python3.8/site-packages:${PYTHONPATH} /usr/bin/python3 setup.py egg_info --egg-base ../../build/py_pubsub build --build-base /home/dunto/demo_ws/build/py_pubsub/build install --prefix /home/dunto/demo_ws/install/py_pubsub --record /home/dunto/demo_ws/build/py_pubsub/install.log --single-version-externally-managed
