[0.472s] Invoking command in '/home/dunto/Lunabotics/roboComs/src/roboCom': PYTHONPATH=/home/dunto/Lunabotics/roboComs/install/roboCom/lib/python3.8/site-packages:${PYTHONPATH} /usr/bin/python3 setup.py egg_info --egg-base ../../build/roboCom build --build-base /home/dunto/Lunabotics/roboComs/build/roboCom/build install --prefix /home/dunto/Lunabotics/roboComs/install/roboCom --record /home/dunto/Lunabotics/roboComs/build/roboCom/install.log --single-version-externally-managed
[0.621s] running egg_info
[0.622s] writing ../../build/roboCom/roboCom.egg-info/PKG-INFO
[0.622s] writing dependency_links to ../../build/roboCom/roboCom.egg-info/dependency_links.txt
[0.622s] writing entry points to ../../build/roboCom/roboCom.egg-info/entry_points.txt
[0.622s] writing requirements to ../../build/roboCom/roboCom.egg-info/requires.txt
[0.622s] writing top-level names to ../../build/roboCom/roboCom.egg-info/top_level.txt
[0.649s] reading manifest file '../../build/roboCom/roboCom.egg-info/SOURCES.txt'
[0.650s] writing manifest file '../../build/roboCom/roboCom.egg-info/SOURCES.txt'
[0.650s] running build
[0.650s] running build_py
[0.650s] copying roboCom/robotCom.py -> /home/dunto/Lunabotics/roboComs/build/roboCom/build/lib/roboCom
[0.650s] running install
[0.651s] running install_lib
[0.652s] copying /home/dunto/Lunabotics/roboComs/build/roboCom/build/lib/roboCom/robotCom.py -> /home/dunto/Lunabotics/roboComs/install/roboCom/lib/python3.8/site-packages/roboCom
[0.652s] byte-compiling /home/dunto/Lunabotics/roboComs/install/roboCom/lib/python3.8/site-packages/roboCom/robotCom.py to robotCom.cpython-38.pyc
[0.654s] running install_data
[0.654s] running install_egg_info
[0.656s] removing '/home/dunto/Lunabotics/roboComs/install/roboCom/lib/python3.8/site-packages/roboCom-0.0.1-py3.8.egg-info' (and everything under it)
[0.656s] Copying ../../build/roboCom/roboCom.egg-info to /home/dunto/Lunabotics/roboComs/install/roboCom/lib/python3.8/site-packages/roboCom-0.0.1-py3.8.egg-info
[0.657s] running install_scripts
[0.670s] Installing controller script to /home/dunto/Lunabotics/roboComs/install/roboCom/lib/roboCom
[0.670s] Installing robot script to /home/dunto/Lunabotics/roboComs/install/roboCom/lib/roboCom
[0.671s] writing list of installed files to '/home/dunto/Lunabotics/roboComs/build/roboCom/install.log'
[0.688s] Invoked command in '/home/dunto/Lunabotics/roboComs/src/roboCom' returned '0': PYTHONPATH=/home/dunto/Lunabotics/roboComs/install/roboCom/lib/python3.8/site-packages:${PYTHONPATH} /usr/bin/python3 setup.py egg_info --egg-base ../../build/roboCom build --build-base /home/dunto/Lunabotics/roboComs/build/roboCom/build install --prefix /home/dunto/Lunabotics/roboComs/install/roboCom --record /home/dunto/Lunabotics/roboComs/build/roboCom/install.log --single-version-externally-managed
