[0.721s] Invoking command in '/home/dunto/roboComs/src/roboCom': PYTHONPATH=/home/dunto/roboComs/install/roboCom/lib/python3.8/site-packages:${PYTHONPATH} /usr/bin/python3 setup.py egg_info --egg-base ../../build/roboCom build --build-base /home/dunto/roboComs/build/roboCom/build install --prefix /home/dunto/roboComs/install/roboCom --record /home/dunto/roboComs/build/roboCom/install.log --single-version-externally-managed
[0.952s] running egg_info
[0.953s] writing ../../build/roboCom/roboCom.egg-info/PKG-INFO
[0.953s] writing dependency_links to ../../build/roboCom/roboCom.egg-info/dependency_links.txt
[0.955s] writing entry points to ../../build/roboCom/roboCom.egg-info/entry_points.txt
[0.955s] writing requirements to ../../build/roboCom/roboCom.egg-info/requires.txt
[0.955s] writing top-level names to ../../build/roboCom/roboCom.egg-info/top_level.txt
[0.995s] reading manifest file '../../build/roboCom/roboCom.egg-info/SOURCES.txt'
[0.996s] writing manifest file '../../build/roboCom/roboCom.egg-info/SOURCES.txt'
[0.996s] running build
[0.996s] running build_py
[0.997s] copying roboCom/controllerCom.py -> /home/dunto/roboComs/build/roboCom/build/lib/roboCom
[0.997s] running install
[0.998s] running install_lib
[0.999s] copying /home/dunto/roboComs/build/roboCom/build/lib/roboCom/controllerCom.py -> /home/dunto/roboComs/install/roboCom/lib/python3.8/site-packages/roboCom
[1.001s] byte-compiling /home/dunto/roboComs/install/roboCom/lib/python3.8/site-packages/roboCom/controllerCom.py to controllerCom.cpython-38.pyc
[1.005s] running install_data
[1.005s] running install_egg_info
[1.007s] removing '/home/dunto/roboComs/install/roboCom/lib/python3.8/site-packages/roboCom-0.0.1-py3.8.egg-info' (and everything under it)
[1.007s] Copying ../../build/roboCom/roboCom.egg-info to /home/dunto/roboComs/install/roboCom/lib/python3.8/site-packages/roboCom-0.0.1-py3.8.egg-info
[1.008s] running install_scripts
[1.025s] Installing controller script to /home/dunto/roboComs/install/roboCom/lib/roboCom
[1.026s] Installing robot script to /home/dunto/roboComs/install/roboCom/lib/roboCom
[1.026s] writing list of installed files to '/home/dunto/roboComs/build/roboCom/install.log'
[1.055s] Invoked command in '/home/dunto/roboComs/src/roboCom' returned '0': PYTHONPATH=/home/dunto/roboComs/install/roboCom/lib/python3.8/site-packages:${PYTHONPATH} /usr/bin/python3 setup.py egg_info --egg-base ../../build/roboCom build --build-base /home/dunto/roboComs/build/roboCom/build install --prefix /home/dunto/roboComs/install/roboCom --record /home/dunto/roboComs/build/roboCom/install.log --single-version-externally-managed
