running egg_info
writing ../../build/roboCom/roboCom.egg-info/PKG-INFO
writing dependency_links to ../../build/roboCom/roboCom.egg-info/dependency_links.txt
writing entry points to ../../build/roboCom/roboCom.egg-info/entry_points.txt
writing requirements to ../../build/roboCom/roboCom.egg-info/requires.txt
writing top-level names to ../../build/roboCom/roboCom.egg-info/top_level.txt
reading manifest file '../../build/roboCom/roboCom.egg-info/SOURCES.txt'
writing manifest file '../../build/roboCom/roboCom.egg-info/SOURCES.txt'
running build
running build_py
running install
running install_lib
running install_data
copying resource/roboCom -> /home/dunto/roboComs/install/roboCom/share/ament_index/resource_index/packages
copying package.xml -> /home/dunto/roboComs/install/roboCom/share/roboCom
running install_egg_info
Copying ../../build/roboCom/roboCom.egg-info to /home/dunto/roboComs/install/roboCom/lib/python3.8/site-packages/roboCom-0.0.1-py3.8.egg-info
running install_scripts
Installing controller script to /home/dunto/roboComs/install/roboCom/lib/roboCom
Installing robot script to /home/dunto/roboComs/install/roboCom/lib/roboCom
writing list of installed files to '/home/dunto/roboComs/build/roboCom/install.log'
