[0.485s] Invoking command in '/home/dunto/demo_ws/src/py_pubsub': PYTHONPATH=/home/dunto/demo_ws/install/py_pubsub/lib/python3.8/site-packages:${PYTHONPATH} /usr/bin/python3 setup.py egg_info --egg-base ../../build/py_pubsub build --build-base /home/dunto/demo_ws/build/py_pubsub/build install --prefix /home/dunto/demo_ws/install/py_pubsub --record /home/dunto/demo_ws/build/py_pubsub/install.log --single-version-externally-managed
[0.805s] running egg_info
[0.806s] writing ../../build/py_pubsub/py_pubsub.egg-info/PKG-INFO
[0.806s] writing dependency_links to ../../build/py_pubsub/py_pubsub.egg-info/dependency_links.txt
[0.807s] writing entry points to ../../build/py_pubsub/py_pubsub.egg-info/entry_points.txt
[0.808s] writing requirements to ../../build/py_pubsub/py_pubsub.egg-info/requires.txt
[0.809s] writing top-level names to ../../build/py_pubsub/py_pubsub.egg-info/top_level.txt
[0.854s] reading manifest file '../../build/py_pubsub/py_pubsub.egg-info/SOURCES.txt'
[0.855s] writing manifest file '../../build/py_pubsub/py_pubsub.egg-info/SOURCES.txt'
[0.856s] running build
[0.857s] running build_py
[0.857s] copying py_pubsub/publisher_member_function.py -> /home/dunto/demo_ws/build/py_pubsub/build/lib/py_pubsub
[0.857s] running install
[0.858s] running install_lib
[0.859s] copying /home/dunto/demo_ws/build/py_pubsub/build/lib/py_pubsub/publisher_member_function.py -> /home/dunto/demo_ws/install/py_pubsub/lib/python3.8/site-packages/py_pubsub
[0.859s] byte-compiling /home/dunto/demo_ws/install/py_pubsub/lib/python3.8/site-packages/py_pubsub/publisher_member_function.py to publisher_member_function.cpython-38.pyc
[0.860s] Sorry: TabError: inconsistent use of tabs and spaces in indentation (publisher_member_function.py, line 63)
[0.861s] running install_data
[0.863s] running install_egg_info
[0.868s] removing '/home/dunto/demo_ws/install/py_pubsub/lib/python3.8/site-packages/py_pubsub-0.0.1-py3.8.egg-info' (and everything under it)
[0.870s] Copying ../../build/py_pubsub/py_pubsub.egg-info to /home/dunto/demo_ws/install/py_pubsub/lib/python3.8/site-packages/py_pubsub-0.0.1-py3.8.egg-info
[0.873s] running install_scripts
[0.883s] Installing listener script to /home/dunto/demo_ws/install/py_pubsub/lib/py_pubsub
[0.883s] Installing talker script to /home/dunto/demo_ws/install/py_pubsub/lib/py_pubsub
[0.884s] writing list of installed files to '/home/dunto/demo_ws/build/py_pubsub/install.log'
[0.900s] Invoked command in '/home/dunto/demo_ws/src/py_pubsub' returned '0': PYTHONPATH=/home/dunto/demo_ws/install/py_pubsub/lib/python3.8/site-packages:${PYTHONPATH} /usr/bin/python3 setup.py egg_info --egg-base ../../build/py_pubsub build --build-base /home/dunto/demo_ws/build/py_pubsub/build install --prefix /home/dunto/demo_ws/install/py_pubsub --record /home/dunto/demo_ws/build/py_pubsub/install.log --single-version-externally-managed
