[0.805s] Invoking command in '/home/dunto/roboComs/src/roboCom': PYTHONPATH=/home/dunto/roboComs/install/roboCom/lib/python3.8/site-packages:${PYTHONPATH} /usr/bin/python3 setup.py egg_info --egg-base ../../build/roboCom build --build-base /home/dunto/roboComs/build/roboCom/build install --prefix /home/dunto/roboComs/install/roboCom --record /home/dunto/roboComs/build/roboCom/install.log --single-version-externally-managed
[1.023s] running egg_info
[1.024s] writing ../../build/roboCom/roboCom.egg-info/PKG-INFO
[1.025s] writing dependency_links to ../../build/roboCom/roboCom.egg-info/dependency_links.txt
[1.025s] writing entry points to ../../build/roboCom/roboCom.egg-info/entry_points.txt
[1.026s] writing requirements to ../../build/roboCom/roboCom.egg-info/requires.txt
[1.026s] writing top-level names to ../../build/roboCom/roboCom.egg-info/top_level.txt
[1.065s] reading manifest file '../../build/roboCom/roboCom.egg-info/SOURCES.txt'
[1.066s] writing manifest file '../../build/roboCom/roboCom.egg-info/SOURCES.txt'
[1.067s] running build
[1.067s] running build_py
[1.067s] copying roboCom/robotCom.py -> /home/dunto/roboComs/build/roboCom/build/lib/roboCom
[1.067s] running install
[1.068s] running install_lib
[1.070s] copying /home/dunto/roboComs/build/roboCom/build/lib/roboCom/robotCom.py -> /home/dunto/roboComs/install/roboCom/lib/python3.8/site-packages/roboCom
[1.071s] byte-compiling /home/dunto/roboComs/install/roboCom/lib/python3.8/site-packages/roboCom/robotCom.py to robotCom.cpython-38.pyc
[1.073s] running install_data
[1.073s] running install_egg_info
[1.078s] removing '/home/dunto/roboComs/install/roboCom/lib/python3.8/site-packages/roboCom-0.0.1-py3.8.egg-info' (and everything under it)
[1.079s] Copying ../../build/roboCom/roboCom.egg-info to /home/dunto/roboComs/install/roboCom/lib/python3.8/site-packages/roboCom-0.0.1-py3.8.egg-info
[1.080s] running install_scripts
[1.103s] Installing controller script to /home/dunto/roboComs/install/roboCom/lib/roboCom
[1.104s] Installing robot script to /home/dunto/roboComs/install/roboCom/lib/roboCom
[1.104s] writing list of installed files to '/home/dunto/roboComs/build/roboCom/install.log'
[1.140s] Invoked command in '/home/dunto/roboComs/src/roboCom' returned '0': PYTHONPATH=/home/dunto/roboComs/install/roboCom/lib/python3.8/site-packages:${PYTHONPATH} /usr/bin/python3 setup.py egg_info --egg-base ../../build/roboCom build --build-base /home/dunto/roboComs/build/roboCom/build install --prefix /home/dunto/roboComs/install/roboCom --record /home/dunto/roboComs/build/roboCom/install.log --single-version-externally-managed
