[0.186s] DEBUG:colcon:Command line arguments: ['/usr/bin/colcon', 'build']
[0.186s] DEBUG:colcon:Parsed command line arguments: Namespace(allow_overriding=[], ament_cmake_args=None, base_paths=['.'], build_base='build', catkin_cmake_args=None, catkin_skip_building_tests=False, cmake_args=None, cmake_clean_cache=False, cmake_clean_first=False, cmake_force_configure=False, cmake_target=None, cmake_target_skip_unavailable=False, continue_on_error=False, event_handlers=None, executor='parallel', ignore_user_meta=False, install_base='install', log_base=None, log_level=None, main=<bound method BuildVerb.main of <colcon_core.verb.build.BuildVerb object at 0x7fb1ca34a520>>, merge_install=False, metas=['./colcon.meta'], packages_above=None, packages_above_and_dependencies=None, packages_above_depth=None, packages_end=None, packages_ignore=None, packages_ignore_regex=None, packages_select=None, packages_select_build_failed=False, packages_select_by_dep=None, packages_select_regex=None, packages_select_test_failures=False, packages_skip=None, packages_skip_build_finished=False, packages_skip_by_dep=None, packages_skip_regex=None, packages_skip_test_passed=False, packages_skip_up_to=None, packages_start=None, packages_up_to=None, packages_up_to_regex=None, parallel_workers=8, paths=None, symlink_install=False, test_result_base=None, verb_extension=<colcon_core.verb.build.BuildVerb object at 0x7fb1ca34a520>, verb_name='build', verb_parser=<colcon_defaults.argument_parser.defaults.DefaultArgumentsDecorator object at 0x7fb1ca4a0a30>)
[0.205s] Level 1:colcon.colcon_core.package_discovery:discover_packages(colcon_meta) check parameters
[0.205s] Level 1:colcon.colcon_core.package_discovery:discover_packages(recursive) check parameters
[0.205s] Level 1:colcon.colcon_core.package_discovery:discover_packages(ignore) check parameters
[0.205s] Level 1:colcon.colcon_core.package_discovery:discover_packages(path) check parameters
[0.205s] Level 1:colcon.colcon_core.package_discovery:discover_packages(colcon_meta) discover
[0.205s] Level 1:colcon.colcon_core.package_discovery:discover_packages(recursive) discover
[0.206s] INFO:colcon.colcon_core.package_discovery:Crawling recursively for packages in '/home/dunto/demo_ws'
[0.206s] Level 1:colcon.colcon_core.package_identification:_identify(.) by extensions ['ignore', 'ignore_ament_install']
[0.206s] Level 1:colcon.colcon_core.package_identification:_identify(.) by extension 'ignore'
[0.206s] Level 1:colcon.colcon_core.package_identification:_identify(.) by extension 'ignore_ament_install'
[0.206s] Level 1:colcon.colcon_core.package_identification:_identify(.) by extensions ['colcon_pkg']
[0.206s] Level 1:colcon.colcon_core.package_identification:_identify(.) by extension 'colcon_pkg'
[0.206s] Level 1:colcon.colcon_core.package_identification:_identify(.) by extensions ['colcon_meta']
[0.206s] Level 1:colcon.colcon_core.package_identification:_identify(.) by extension 'colcon_meta'
[0.206s] Level 1:colcon.colcon_core.package_identification:_identify(.) by extensions ['ros']
[0.206s] Level 1:colcon.colcon_core.package_identification:_identify(.) by extension 'ros'
[0.215s] Level 1:colcon.colcon_core.package_identification:_identify(.) by extensions ['cmake', 'python']
[0.215s] Level 1:colcon.colcon_core.package_identification:_identify(.) by extension 'cmake'
[0.215s] Level 1:colcon.colcon_core.package_identification:_identify(.) by extension 'python'
[0.215s] Level 1:colcon.colcon_core.package_identification:_identify(.) by extensions ['python_setup_py']
[0.215s] Level 1:colcon.colcon_core.package_identification:_identify(.) by extension 'python_setup_py'
[0.215s] Level 1:colcon.colcon_core.package_identification:_identify(build) by extensions ['ignore', 'ignore_ament_install']
[0.215s] Level 1:colcon.colcon_core.package_identification:_identify(build) by extension 'ignore'
[0.216s] Level 1:colcon.colcon_core.package_identification:_identify(build) ignored
[0.216s] Level 1:colcon.colcon_core.package_identification:_identify(install) by extensions ['ignore', 'ignore_ament_install']
[0.216s] Level 1:colcon.colcon_core.package_identification:_identify(install) by extension 'ignore'
[0.216s] Level 1:colcon.colcon_core.package_identification:_identify(install) ignored
[0.216s] Level 1:colcon.colcon_core.package_identification:_identify(log) by extensions ['ignore', 'ignore_ament_install']
[0.216s] Level 1:colcon.colcon_core.package_identification:_identify(log) by extension 'ignore'
[0.216s] Level 1:colcon.colcon_core.package_identification:_identify(log) ignored
[0.216s] Level 1:colcon.colcon_core.package_identification:_identify(src) by extensions ['ignore', 'ignore_ament_install']
[0.216s] Level 1:colcon.colcon_core.package_identification:_identify(src) by extension 'ignore'
[0.216s] Level 1:colcon.colcon_core.package_identification:_identify(src) by extension 'ignore_ament_install'
[0.216s] Level 1:colcon.colcon_core.package_identification:_identify(src) by extensions ['colcon_pkg']
[0.216s] Level 1:colcon.colcon_core.package_identification:_identify(src) by extension 'colcon_pkg'
[0.216s] Level 1:colcon.colcon_core.package_identification:_identify(src) by extensions ['colcon_meta']
[0.216s] Level 1:colcon.colcon_core.package_identification:_identify(src) by extension 'colcon_meta'
[0.216s] Level 1:colcon.colcon_core.package_identification:_identify(src) by extensions ['ros']
[0.216s] Level 1:colcon.colcon_core.package_identification:_identify(src) by extension 'ros'
[0.216s] Level 1:colcon.colcon_core.package_identification:_identify(src) by extensions ['cmake', 'python']
[0.216s] Level 1:colcon.colcon_core.package_identification:_identify(src) by extension 'cmake'
[0.216s] Level 1:colcon.colcon_core.package_identification:_identify(src) by extension 'python'
[0.216s] Level 1:colcon.colcon_core.package_identification:_identify(src) by extensions ['python_setup_py']
[0.216s] Level 1:colcon.colcon_core.package_identification:_identify(src) by extension 'python_setup_py'
[0.217s] Level 1:colcon.colcon_core.package_identification:_identify(src/build) by extensions ['ignore', 'ignore_ament_install']
[0.217s] Level 1:colcon.colcon_core.package_identification:_identify(src/build) by extension 'ignore'
[0.217s] Level 1:colcon.colcon_core.package_identification:_identify(src/build) ignored
[0.217s] Level 1:colcon.colcon_core.package_identification:_identify(src/install) by extensions ['ignore', 'ignore_ament_install']
[0.217s] Level 1:colcon.colcon_core.package_identification:_identify(src/install) by extension 'ignore'
[0.217s] Level 1:colcon.colcon_core.package_identification:_identify(src/install) ignored
[0.217s] Level 1:colcon.colcon_core.package_identification:_identify(src/log) by extensions ['ignore', 'ignore_ament_install']
[0.217s] Level 1:colcon.colcon_core.package_identification:_identify(src/log) by extension 'ignore'
[0.217s] Level 1:colcon.colcon_core.package_identification:_identify(src/log) ignored
[0.217s] Level 1:colcon.colcon_core.package_identification:_identify(src/py_pubsub) by extensions ['ignore', 'ignore_ament_install']
[0.217s] Level 1:colcon.colcon_core.package_identification:_identify(src/py_pubsub) by extension 'ignore'
[0.217s] Level 1:colcon.colcon_core.package_identification:_identify(src/py_pubsub) by extension 'ignore_ament_install'
[0.217s] Level 1:colcon.colcon_core.package_identification:_identify(src/py_pubsub) by extensions ['colcon_pkg']
[0.217s] Level 1:colcon.colcon_core.package_identification:_identify(src/py_pubsub) by extension 'colcon_pkg'
[0.217s] Level 1:colcon.colcon_core.package_identification:_identify(src/py_pubsub) by extensions ['colcon_meta']
[0.217s] Level 1:colcon.colcon_core.package_identification:_identify(src/py_pubsub) by extension 'colcon_meta'
[0.217s] Level 1:colcon.colcon_core.package_identification:_identify(src/py_pubsub) by extensions ['ros']
[0.217s] Level 1:colcon.colcon_core.package_identification:_identify(src/py_pubsub) by extension 'ros'
[0.219s] DEBUG:colcon.colcon_core.package_identification:Package 'src/py_pubsub' with type 'ros.ament_python' and name 'py_pubsub'
[0.219s] Level 1:colcon.colcon_core.package_discovery:discover_packages(recursive) using defaults
[0.219s] Level 1:colcon.colcon_core.package_discovery:discover_packages(ignore) discover
[0.219s] Level 1:colcon.colcon_core.package_discovery:discover_packages(ignore) using defaults
[0.219s] Level 1:colcon.colcon_core.package_discovery:discover_packages(path) discover
[0.219s] Level 1:colcon.colcon_core.package_discovery:discover_packages(path) using defaults
[0.243s] Level 1:colcon.colcon_core.package_discovery:discover_packages(prefix_path) check parameters
[0.243s] Level 1:colcon.colcon_core.package_discovery:discover_packages(prefix_path) discover
[0.245s] DEBUG:colcon.colcon_installed_package_information.package_discovery:Found 1 installed packages in /home/dunto/demo_ws/install
[0.246s] DEBUG:colcon.colcon_installed_package_information.package_discovery:Found 256 installed packages in /opt/ros/foxy
[0.247s] Level 1:colcon.colcon_core.package_discovery:discover_packages(prefix_path) using defaults
[0.301s] Level 5:colcon.colcon_core.verb:set package 'py_pubsub' build argument 'cmake_args' from command line to 'None'
[0.301s] Level 5:colcon.colcon_core.verb:set package 'py_pubsub' build argument 'cmake_target' from command line to 'None'
[0.301s] Level 5:colcon.colcon_core.verb:set package 'py_pubsub' build argument 'cmake_target_skip_unavailable' from command line to 'False'
[0.301s] Level 5:colcon.colcon_core.verb:set package 'py_pubsub' build argument 'cmake_clean_cache' from command line to 'False'
[0.301s] Level 5:colcon.colcon_core.verb:set package 'py_pubsub' build argument 'cmake_clean_first' from command line to 'False'
[0.301s] Level 5:colcon.colcon_core.verb:set package 'py_pubsub' build argument 'cmake_force_configure' from command line to 'False'
[0.301s] Level 5:colcon.colcon_core.verb:set package 'py_pubsub' build argument 'ament_cmake_args' from command line to 'None'
[0.301s] Level 5:colcon.colcon_core.verb:set package 'py_pubsub' build argument 'catkin_cmake_args' from command line to 'None'
[0.301s] Level 5:colcon.colcon_core.verb:set package 'py_pubsub' build argument 'catkin_skip_building_tests' from command line to 'False'
[0.301s] DEBUG:colcon.colcon_core.verb:Building package 'py_pubsub' with the following arguments: {'ament_cmake_args': None, 'build_base': '/home/dunto/demo_ws/build/py_pubsub', 'catkin_cmake_args': None, 'catkin_skip_building_tests': False, 'cmake_args': None, 'cmake_clean_cache': False, 'cmake_clean_first': False, 'cmake_force_configure': False, 'cmake_target': None, 'cmake_target_skip_unavailable': False, 'install_base': '/home/dunto/demo_ws/install/py_pubsub', 'merge_install': False, 'path': '/home/dunto/demo_ws/src/py_pubsub', 'symlink_install': False, 'test_result_base': None}
[0.302s] INFO:colcon.colcon_core.executor:Executing jobs using 'parallel' executor
[0.306s] DEBUG:colcon.colcon_parallel_executor.executor.parallel:run_until_complete
[0.306s] INFO:colcon.colcon_ros.task.ament_python.build:Building ROS package in '/home/dunto/demo_ws/src/py_pubsub' with build type 'ament_python'
[0.306s] Level 1:colcon.colcon_core.shell:create_environment_hook('py_pubsub', 'ament_prefix_path')
[0.310s] INFO:colcon.colcon_core.plugin_system:Skipping extension 'colcon_core.shell.bat': Not used on non-Windows systems
[0.310s] INFO:colcon.colcon_core.shell:Creating environment hook '/home/dunto/demo_ws/install/py_pubsub/share/py_pubsub/hook/ament_prefix_path.ps1'
[0.311s] INFO:colcon.colcon_core.shell:Creating environment descriptor '/home/dunto/demo_ws/install/py_pubsub/share/py_pubsub/hook/ament_prefix_path.dsv'
[0.311s] INFO:colcon.colcon_core.shell:Creating environment hook '/home/dunto/demo_ws/install/py_pubsub/share/py_pubsub/hook/ament_prefix_path.sh'
[0.313s] INFO:colcon.colcon_core.shell:Skip shell extension 'powershell' for command environment: Not usable outside of PowerShell
[0.313s] DEBUG:colcon.colcon_core.shell:Skip shell extension 'dsv' for command environment
[0.482s] INFO:colcon.colcon_core.task.python.build:Building Python package in '/home/dunto/demo_ws/src/py_pubsub'
[0.483s] INFO:colcon.colcon_core.shell:Skip shell extension 'powershell' for command environment: Not usable outside of PowerShell
[0.483s] DEBUG:colcon.colcon_core.shell:Skip shell extension 'dsv' for command environment
[0.783s] DEBUG:colcon.colcon_core.event_handler.log_command:Invoking command in '/home/dunto/demo_ws/src/py_pubsub': PYTHONPATH=/home/dunto/demo_ws/install/py_pubsub/lib/python3.8/site-packages:${PYTHONPATH} /usr/bin/python3 setup.py egg_info --egg-base ../../build/py_pubsub build --build-base /home/dunto/demo_ws/build/py_pubsub/build install --prefix /home/dunto/demo_ws/install/py_pubsub --record /home/dunto/demo_ws/build/py_pubsub/install.log --single-version-externally-managed
[1.001s] DEBUG:colcon.colcon_core.event_handler.log_command:Invoked command in '/home/dunto/demo_ws/src/py_pubsub' returned '0': PYTHONPATH=/home/dunto/demo_ws/install/py_pubsub/lib/python3.8/site-packages:${PYTHONPATH} /usr/bin/python3 setup.py egg_info --egg-base ../../build/py_pubsub build --build-base /home/dunto/demo_ws/build/py_pubsub/build install --prefix /home/dunto/demo_ws/install/py_pubsub --record /home/dunto/demo_ws/build/py_pubsub/install.log --single-version-externally-managed
[1.005s] Level 1:colcon.colcon_core.environment:checking '/home/dunto/demo_ws/install/py_pubsub' for CMake module files
[1.005s] Level 1:colcon.colcon_core.environment:checking '/home/dunto/demo_ws/install/py_pubsub' for CMake config files
[1.005s] Level 1:colcon.colcon_core.environment:checking '/home/dunto/demo_ws/install/py_pubsub/lib'
[1.006s] Level 1:colcon.colcon_core.environment:checking '/home/dunto/demo_ws/install/py_pubsub/bin'
[1.006s] Level 1:colcon.colcon_core.environment:checking '/home/dunto/demo_ws/install/py_pubsub/lib/pkgconfig/py_pubsub.pc'
[1.006s] Level 1:colcon.colcon_core.environment:checking '/home/dunto/demo_ws/install/py_pubsub/lib/python3.8/site-packages'
[1.006s] Level 1:colcon.colcon_core.shell:create_environment_hook('py_pubsub', 'pythonpath')
[1.007s] INFO:colcon.colcon_core.shell:Creating environment hook '/home/dunto/demo_ws/install/py_pubsub/share/py_pubsub/hook/pythonpath.ps1'
[1.007s] INFO:colcon.colcon_core.shell:Creating environment descriptor '/home/dunto/demo_ws/install/py_pubsub/share/py_pubsub/hook/pythonpath.dsv'
[1.008s] INFO:colcon.colcon_core.shell:Creating environment hook '/home/dunto/demo_ws/install/py_pubsub/share/py_pubsub/hook/pythonpath.sh'
[1.008s] Level 1:colcon.colcon_core.environment:checking '/home/dunto/demo_ws/install/py_pubsub/bin'
[1.008s] Level 1:colcon.colcon_core.environment:create_environment_scripts_only(py_pubsub)
[1.009s] INFO:colcon.colcon_core.shell:Creating package script '/home/dunto/demo_ws/install/py_pubsub/share/py_pubsub/package.ps1'
[1.010s] INFO:colcon.colcon_core.shell:Creating package descriptor '/home/dunto/demo_ws/install/py_pubsub/share/py_pubsub/package.dsv'
[1.010s] INFO:colcon.colcon_core.shell:Creating package script '/home/dunto/demo_ws/install/py_pubsub/share/py_pubsub/package.sh'
[1.011s] INFO:colcon.colcon_core.shell:Creating package script '/home/dunto/demo_ws/install/py_pubsub/share/py_pubsub/package.bash'
[1.011s] INFO:colcon.colcon_core.shell:Creating package script '/home/dunto/demo_ws/install/py_pubsub/share/py_pubsub/package.zsh'
[1.012s] Level 1:colcon.colcon_core.environment:create_file_with_runtime_dependencies(/home/dunto/demo_ws/install/py_pubsub/share/colcon-core/packages/py_pubsub)
[1.012s] DEBUG:colcon.colcon_parallel_executor.executor.parallel:closing loop
[1.013s] DEBUG:colcon.colcon_parallel_executor.executor.parallel:loop closed
[1.013s] DEBUG:colcon.colcon_parallel_executor.executor.parallel:run_until_complete finished with '0'
[1.013s] DEBUG:colcon.colcon_core.event_reactor:joining thread
[1.051s] INFO:colcon.colcon_core.plugin_system:Skipping extension 'colcon_notification.desktop_notification.notify_send': Could not find 'notify-send'
[1.051s] INFO:colcon.colcon_core.plugin_system:Skipping extension 'colcon_notification.desktop_notification.terminal_notifier': Not used on non-Darwin systems
[1.051s] INFO:colcon.colcon_core.plugin_system:Skipping extension 'colcon_notification.desktop_notification.win32': Not used on non-Windows systems
[1.051s] INFO:colcon.colcon_notification.desktop_notification:Sending desktop notification using 'notify2'
[1.056s] DEBUG:colcon.colcon_notification.desktop_notification.notify2:Failed to initialize notify2: org.freedesktop.DBus.Error.ServiceUnknown: The name org.freedesktop.Notifications was not provided by any .service files
[1.056s] DEBUG:colcon.colcon_core.event_reactor:joined thread
[1.057s] INFO:colcon.colcon_core.shell:Creating prefix script '/home/dunto/demo_ws/install/local_setup.ps1'
[1.058s] INFO:colcon.colcon_core.shell:Creating prefix util module '/home/dunto/demo_ws/install/_local_setup_util_ps1.py'
[1.059s] INFO:colcon.colcon_core.shell:Creating prefix chain script '/home/dunto/demo_ws/install/setup.ps1'
[1.060s] INFO:colcon.colcon_core.shell:Creating prefix script '/home/dunto/demo_ws/install/local_setup.sh'
[1.061s] INFO:colcon.colcon_core.shell:Creating prefix util module '/home/dunto/demo_ws/install/_local_setup_util_sh.py'
[1.061s] INFO:colcon.colcon_core.shell:Creating prefix chain script '/home/dunto/demo_ws/install/setup.sh'
[1.062s] INFO:colcon.colcon_core.shell:Creating prefix script '/home/dunto/demo_ws/install/local_setup.bash'
[1.062s] INFO:colcon.colcon_core.shell:Creating prefix chain script '/home/dunto/demo_ws/install/setup.bash'
[1.063s] INFO:colcon.colcon_core.shell:Creating prefix script '/home/dunto/demo_ws/install/local_setup.zsh'
[1.064s] INFO:colcon.colcon_core.shell:Creating prefix chain script '/home/dunto/demo_ws/install/setup.zsh'
