[1.084s] Invoking command in '/home/dunto/roboComs/src/roboCom': PYTHONPATH=/home/dunto/roboComs/install/roboCom/lib/python3.8/site-packages:${PYTHONPATH} /usr/bin/python3 setup.py egg_info --egg-base ../../build/roboCom build --build-base /home/dunto/roboComs/build/roboCom/build install --prefix /home/dunto/roboComs/install/roboCom --record /home/dunto/roboComs/build/roboCom/install.log --single-version-externally-managed
[1.389s] running egg_info
[1.389s] writing ../../build/roboCom/roboCom.egg-info/PKG-INFO
[1.389s] writing dependency_links to ../../build/roboCom/roboCom.egg-info/dependency_links.txt
[1.390s] writing entry points to ../../build/roboCom/roboCom.egg-info/entry_points.txt
[1.390s] writing requirements to ../../build/roboCom/roboCom.egg-info/requires.txt
[1.390s] writing top-level names to ../../build/roboCom/roboCom.egg-info/top_level.txt
[1.448s] reading manifest file '../../build/roboCom/roboCom.egg-info/SOURCES.txt'
[1.449s] writing manifest file '../../build/roboCom/roboCom.egg-info/SOURCES.txt'
[1.449s] running build
[1.449s] running build_py
[1.449s] copying roboCom/robotCom.py -> /home/dunto/roboComs/build/roboCom/build/lib/roboCom
[1.450s] copying roboCom/controllerCom.py -> /home/dunto/roboComs/build/roboCom/build/lib/roboCom
[1.450s] running install
[1.451s] running install_lib
[1.452s] copying /home/dunto/roboComs/build/roboCom/build/lib/roboCom/robotCom.py -> /home/dunto/roboComs/install/roboCom/lib/python3.8/site-packages/roboCom
[1.452s] copying /home/dunto/roboComs/build/roboCom/build/lib/roboCom/controllerCom.py -> /home/dunto/roboComs/install/roboCom/lib/python3.8/site-packages/roboCom
[1.453s] byte-compiling /home/dunto/roboComs/install/roboCom/lib/python3.8/site-packages/roboCom/robotCom.py to robotCom.cpython-38.pyc
[1.454s] byte-compiling /home/dunto/roboComs/install/roboCom/lib/python3.8/site-packages/roboCom/controllerCom.py to controllerCom.cpython-38.pyc
[1.456s] running install_data
[1.456s] running install_egg_info
[1.460s] removing '/home/dunto/roboComs/install/roboCom/lib/python3.8/site-packages/roboCom-0.0.1-py3.8.egg-info' (and everything under it)
[1.461s] Copying ../../build/roboCom/roboCom.egg-info to /home/dunto/roboComs/install/roboCom/lib/python3.8/site-packages/roboCom-0.0.1-py3.8.egg-info
[1.462s] running install_scripts
[1.486s] Installing controller script to /home/dunto/roboComs/install/roboCom/lib/roboCom
[1.487s] Installing robot script to /home/dunto/roboComs/install/roboCom/lib/roboCom
[1.487s] writing list of installed files to '/home/dunto/roboComs/build/roboCom/install.log'
[1.522s] Invoked command in '/home/dunto/roboComs/src/roboCom' returned '0': PYTHONPATH=/home/dunto/roboComs/install/roboCom/lib/python3.8/site-packages:${PYTHONPATH} /usr/bin/python3 setup.py egg_info --egg-base ../../build/roboCom build --build-base /home/dunto/roboComs/build/roboCom/build install --prefix /home/dunto/roboComs/install/roboCom --record /home/dunto/roboComs/build/roboCom/install.log --single-version-externally-managed
