[0.470s] Invoking command in '/home/dunto/demo_ws/src/py_pubsub': PYTHONPATH=/home/dunto/demo_ws/install/py_pubsub/lib/python3.8/site-packages:${PYTHONPATH} /usr/bin/python3 setup.py egg_info --egg-base ../../build/py_pubsub build --build-base /home/dunto/demo_ws/build/py_pubsub/build install --prefix /home/dunto/demo_ws/install/py_pubsub --record /home/dunto/demo_ws/build/py_pubsub/install.log --single-version-externally-managed
[0.899s] running egg_info
[0.900s] writing ../../build/py_pubsub/py_pubsub.egg-info/PKG-INFO
[0.903s] writing dependency_links to ../../build/py_pubsub/py_pubsub.egg-info/dependency_links.txt
[0.903s] writing entry points to ../../build/py_pubsub/py_pubsub.egg-info/entry_points.txt
[0.903s] writing requirements to ../../build/py_pubsub/py_pubsub.egg-info/requires.txt
[0.903s] writing top-level names to ../../build/py_pubsub/py_pubsub.egg-info/top_level.txt
[0.928s] reading manifest file '../../build/py_pubsub/py_pubsub.egg-info/SOURCES.txt'
[0.929s] writing manifest file '../../build/py_pubsub/py_pubsub.egg-info/SOURCES.txt'
[0.929s] running build
[0.929s] running build_py
[0.930s] running install
[0.930s] running install_lib
[0.932s] running install_data
[0.933s] copying package.xml -> /home/dunto/demo_ws/install/py_pubsub/share/py_pubsub
[0.933s] running install_egg_info
[0.934s] removing '/home/dunto/demo_ws/install/py_pubsub/lib/python3.8/site-packages/py_pubsub-0.0.1-py3.8.egg-info' (and everything under it)
[0.935s] Copying ../../build/py_pubsub/py_pubsub.egg-info to /home/dunto/demo_ws/install/py_pubsub/lib/python3.8/site-packages/py_pubsub-0.0.1-py3.8.egg-info
[0.935s] running install_scripts
[0.951s] Installing listener script to /home/dunto/demo_ws/install/py_pubsub/lib/py_pubsub
[0.953s] Installing talker script to /home/dunto/demo_ws/install/py_pubsub/lib/py_pubsub
[0.953s] writing list of installed files to '/home/dunto/demo_ws/build/py_pubsub/install.log'
[0.971s] Invoked command in '/home/dunto/demo_ws/src/py_pubsub' returned '0': PYTHONPATH=/home/dunto/demo_ws/install/py_pubsub/lib/python3.8/site-packages:${PYTHONPATH} /usr/bin/python3 setup.py egg_info --egg-base ../../build/py_pubsub build --build-base /home/dunto/demo_ws/build/py_pubsub/build install --prefix /home/dunto/demo_ws/install/py_pubsub --record /home/dunto/demo_ws/build/py_pubsub/install.log --single-version-externally-managed
